<?xml version="1.0" encoding="UTF-8"?>
<testsuite name="com.example.realboard.RealBoardApplicationTests" tests="1" skipped="0" failures="0" errors="0" timestamp="2022-10-04T08:22:24" hostname="DESKTOP-1408KAA" time="0.005">
  <properties/>
  <testcase name="contextLoads()" classname="com.example.realboard.RealBoardApplicationTests" time="0.005"/>
  <system-out><![CDATA[2022-10-04 17:22:24.508  INFO 11588 --- [    Test worker] .b.t.c.SpringBootTestContextBootstrapper : Neither @ContextConfiguration nor @ContextHierarchy found for test class [com.example.realboard.RealBoardApplicationTests], using SpringBootContextLoader
2022-10-04 17:22:24.510  INFO 11588 --- [    Test worker] o.s.t.c.support.AbstractContextLoader    : Could not detect default resource locations for test class [com.example.realboard.RealBoardApplicationTests]: no resource found for suffixes {-context.xml, Context.groovy}.
2022-10-04 17:22:24.510  INFO 11588 --- [    Test worker] t.c.s.AnnotationConfigContextLoaderUtils : Could not detect default configuration classes for test class [com.example.realboard.RealBoardApplicationTests]: RealBoardApplicationTests does not declare any static, non-private, non-final, nested classes annotated with @Configuration.
2022-10-04 17:22:24.511  INFO 11588 --- [    Test worker] .b.t.c.SpringBootTestContextBootstrapper : Found @SpringBootConfiguration com.example.realboard.RealBoardApplication for test class com.example.realboard.RealBoardApplicationTests
2022-10-04 17:22:24.513  INFO 11588 --- [    Test worker] .b.t.c.SpringBootTestContextBootstrapper : Loaded default TestExecutionListener class names from location [META-INF/spring.factories]: [org.springframework.security.test.context.support.WithSecurityContextTestExecutionListener, org.springframework.security.test.context.support.ReactorContextTestExecutionListener, org.springframework.boot.test.autoconfigure.restdocs.RestDocsTestExecutionListener, org.springframework.boot.test.autoconfigure.web.client.MockRestServiceServerResetTestExecutionListener, org.springframework.boot.test.autoconfigure.web.servlet.MockMvcPrintOnlyOnFailureTestExecutionListener, org.springframework.boot.test.autoconfigure.web.servlet.WebDriverTestExecutionListener, org.springframework.boot.test.autoconfigure.webservices.client.MockWebServiceServerTestExecutionListener, org.springframework.boot.test.mock.mockito.MockitoTestExecutionListener, org.springframework.boot.test.mock.mockito.ResetMocksTestExecutionListener, org.springframework.test.context.web.ServletTestExecutionListener, org.springframework.test.context.support.DirtiesContextBeforeModesTestExecutionListener, org.springframework.test.context.event.ApplicationEventsTestExecutionListener, org.springframework.test.context.support.DependencyInjectionTestExecutionListener, org.springframework.test.context.support.DirtiesContextTestExecutionListener, org.springframework.test.context.transaction.TransactionalTestExecutionListener, org.springframework.test.context.jdbc.SqlScriptsTestExecutionListener, org.springframework.test.context.event.EventPublishingTestExecutionListener]
2022-10-04 17:22:24.514  INFO 11588 --- [    Test worker] .b.t.c.SpringBootTestContextBootstrapper : Using TestExecutionListeners: [org.springframework.test.context.web.ServletTestExecutionListener@5a90ea5c, org.springframework.test.context.support.DirtiesContextBeforeModesTestExecutionListener@537e52de, org.springframework.test.context.event.ApplicationEventsTestExecutionListener@59eff566, org.springframework.boot.test.mock.mockito.MockitoTestExecutionListener@1277a6a1, org.springframework.boot.test.autoconfigure.SpringBootDependencyInjectionTestExecutionListener@4fe87cb9, org.springframework.test.context.support.DirtiesContextTestExecutionListener@6e212f38, org.springframework.test.context.transaction.TransactionalTestExecutionListener@4843b35f, org.springframework.test.context.jdbc.SqlScriptsTestExecutionListener@672e4658, org.springframework.security.test.context.support.WithSecurityContextTestExecutionListener@6bafe3b0, org.springframework.test.context.event.EventPublishingTestExecutionListener@c105912, org.springframework.security.test.context.support.ReactorContextTestExecutionListener@591cda84, org.springframework.boot.test.autoconfigure.restdocs.RestDocsTestExecutionListener@4c954b79, org.springframework.boot.test.autoconfigure.web.client.MockRestServiceServerResetTestExecutionListener@58338338, org.springframework.boot.test.autoconfigure.web.servlet.MockMvcPrintOnlyOnFailureTestExecutionListener@56e589e5, org.springframework.boot.test.autoconfigure.web.servlet.WebDriverTestExecutionListener@6992a147, org.springframework.boot.test.autoconfigure.webservices.client.MockWebServiceServerTestExecutionListener@f3ae18f, org.springframework.boot.test.mock.mockito.ResetMocksTestExecutionListener@4b548913]
]]></system-out>
  <system-err><![CDATA[]]></system-err>
</testsuite>
