<?xml version="1.0" encoding="UTF-8"?>
<testsuite name="com.example.realboard.RealBoardApplicationTests" tests="1" skipped="0" failures="0" errors="0" timestamp="2022-10-20T06:21:20" hostname="DESKTOP-1408KAA" time="0.006">
  <properties/>
  <testcase name="contextLoads()" classname="com.example.realboard.RealBoardApplicationTests" time="0.006"/>
  <system-out><![CDATA[2022-10-20 15:21:20.033  INFO 11728 --- [    Test worker] .b.t.c.SpringBootTestContextBootstrapper : Neither @ContextConfiguration nor @ContextHierarchy found for test class [com.example.realboard.RealBoardApplicationTests], using SpringBootContextLoader
2022-10-20 15:21:20.035  INFO 11728 --- [    Test worker] o.s.t.c.support.AbstractContextLoader    : Could not detect default resource locations for test class [com.example.realboard.RealBoardApplicationTests]: no resource found for suffixes {-context.xml, Context.groovy}.
2022-10-20 15:21:20.035  INFO 11728 --- [    Test worker] t.c.s.AnnotationConfigContextLoaderUtils : Could not detect default configuration classes for test class [com.example.realboard.RealBoardApplicationTests]: RealBoardApplicationTests does not declare any static, non-private, non-final, nested classes annotated with @Configuration.
2022-10-20 15:21:20.036  INFO 11728 --- [    Test worker] .b.t.c.SpringBootTestContextBootstrapper : Found @SpringBootConfiguration com.example.realboard.RealBoardApplication for test class com.example.realboard.RealBoardApplicationTests
2022-10-20 15:21:20.038  INFO 11728 --- [    Test worker] .b.t.c.SpringBootTestContextBootstrapper : Loaded default TestExecutionListener class names from location [META-INF/spring.factories]: [org.springframework.security.test.context.support.WithSecurityContextTestExecutionListener, org.springframework.security.test.context.support.ReactorContextTestExecutionListener, org.springframework.boot.test.autoconfigure.restdocs.RestDocsTestExecutionListener, org.springframework.boot.test.autoconfigure.web.client.MockRestServiceServerResetTestExecutionListener, org.springframework.boot.test.autoconfigure.web.servlet.MockMvcPrintOnlyOnFailureTestExecutionListener, org.springframework.boot.test.autoconfigure.web.servlet.WebDriverTestExecutionListener, org.springframework.boot.test.autoconfigure.webservices.client.MockWebServiceServerTestExecutionListener, org.springframework.boot.test.mock.mockito.MockitoTestExecutionListener, org.springframework.boot.test.mock.mockito.ResetMocksTestExecutionListener, org.springframework.test.context.web.ServletTestExecutionListener, org.springframework.test.context.support.DirtiesContextBeforeModesTestExecutionListener, org.springframework.test.context.event.ApplicationEventsTestExecutionListener, org.springframework.test.context.support.DependencyInjectionTestExecutionListener, org.springframework.test.context.support.DirtiesContextTestExecutionListener, org.springframework.test.context.transaction.TransactionalTestExecutionListener, org.springframework.test.context.jdbc.SqlScriptsTestExecutionListener, org.springframework.test.context.event.EventPublishingTestExecutionListener]
2022-10-20 15:21:20.038  INFO 11728 --- [    Test worker] .b.t.c.SpringBootTestContextBootstrapper : Using TestExecutionListeners: [org.springframework.test.context.web.ServletTestExecutionListener@4fc9e73d, org.springframework.test.context.support.DirtiesContextBeforeModesTestExecutionListener@2ca3a203, org.springframework.test.context.event.ApplicationEventsTestExecutionListener@58052571, org.springframework.boot.test.mock.mockito.MockitoTestExecutionListener@1464a177, org.springframework.boot.test.autoconfigure.SpringBootDependencyInjectionTestExecutionListener@14144cc9, org.springframework.test.context.support.DirtiesContextTestExecutionListener@259647f2, org.springframework.test.context.transaction.TransactionalTestExecutionListener@54c9c09c, org.springframework.test.context.jdbc.SqlScriptsTestExecutionListener@6517bc6b, org.springframework.security.test.context.support.WithSecurityContextTestExecutionListener@53d3d604, org.springframework.test.context.event.EventPublishingTestExecutionListener@44eda25b, org.springframework.security.test.context.support.ReactorContextTestExecutionListener@5e3a577a, org.springframework.boot.test.autoconfigure.restdocs.RestDocsTestExecutionListener@6965c32, org.springframework.boot.test.autoconfigure.web.client.MockRestServiceServerResetTestExecutionListener@4b38d912, org.springframework.boot.test.autoconfigure.web.servlet.MockMvcPrintOnlyOnFailureTestExecutionListener@626e5554, org.springframework.boot.test.autoconfigure.web.servlet.WebDriverTestExecutionListener@6ee34fe4, org.springframework.boot.test.autoconfigure.webservices.client.MockWebServiceServerTestExecutionListener@5aa0e9c6, org.springframework.boot.test.mock.mockito.ResetMocksTestExecutionListener@57dd4bc9]
]]></system-out>
  <system-err><![CDATA[]]></system-err>
</testsuite>
