<?xml version="1.0" encoding="UTF-8"?>
<testsuite name="com.example.realboard.imageTests" tests="1" skipped="0" failures="0" errors="0" timestamp="2022-09-26T12:30:19" hostname="DESKTOP-1408KAA" time="0.007">
  <properties/>
  <testcase name="testDelete()" classname="com.example.realboard.imageTests" time="0.007"/>
  <system-out><![CDATA[2022-09-26 21:30:19.634  INFO 18172 --- [    Test worker] .b.t.c.SpringBootTestContextBootstrapper : Neither @ContextConfiguration nor @ContextHierarchy found for test class [com.example.realboard.imageTests], using SpringBootContextLoader
2022-09-26 21:30:19.635  INFO 18172 --- [    Test worker] o.s.t.c.support.AbstractContextLoader    : Could not detect default resource locations for test class [com.example.realboard.imageTests]: no resource found for suffixes {-context.xml, Context.groovy}.
2022-09-26 21:30:19.635  INFO 18172 --- [    Test worker] t.c.s.AnnotationConfigContextLoaderUtils : Could not detect default configuration classes for test class [com.example.realboard.imageTests]: imageTests does not declare any static, non-private, non-final, nested classes annotated with @Configuration.
2022-09-26 21:30:19.636  INFO 18172 --- [    Test worker] .b.t.c.SpringBootTestContextBootstrapper : Found @SpringBootConfiguration com.example.realboard.RealBoardApplication for test class com.example.realboard.imageTests
2022-09-26 21:30:19.638  INFO 18172 --- [    Test worker] .b.t.c.SpringBootTestContextBootstrapper : Loaded default TestExecutionListener class names from location [META-INF/spring.factories]: [org.springframework.boot.test.autoconfigure.restdocs.RestDocsTestExecutionListener, org.springframework.boot.test.autoconfigure.web.client.MockRestServiceServerResetTestExecutionListener, org.springframework.boot.test.autoconfigure.web.servlet.MockMvcPrintOnlyOnFailureTestExecutionListener, org.springframework.boot.test.autoconfigure.web.servlet.WebDriverTestExecutionListener, org.springframework.boot.test.autoconfigure.webservices.client.MockWebServiceServerTestExecutionListener, org.springframework.boot.test.mock.mockito.MockitoTestExecutionListener, org.springframework.boot.test.mock.mockito.ResetMocksTestExecutionListener, org.springframework.test.context.web.ServletTestExecutionListener, org.springframework.test.context.support.DirtiesContextBeforeModesTestExecutionListener, org.springframework.test.context.event.ApplicationEventsTestExecutionListener, org.springframework.test.context.support.DependencyInjectionTestExecutionListener, org.springframework.test.context.support.DirtiesContextTestExecutionListener, org.springframework.test.context.transaction.TransactionalTestExecutionListener, org.springframework.test.context.jdbc.SqlScriptsTestExecutionListener, org.springframework.test.context.event.EventPublishingTestExecutionListener]
2022-09-26 21:30:19.638  INFO 18172 --- [    Test worker] .b.t.c.SpringBootTestContextBootstrapper : Using TestExecutionListeners: [org.springframework.test.context.web.ServletTestExecutionListener@460a4935, org.springframework.test.context.support.DirtiesContextBeforeModesTestExecutionListener@28c38eeb, org.springframework.test.context.event.ApplicationEventsTestExecutionListener@4ce9985f, org.springframework.boot.test.mock.mockito.MockitoTestExecutionListener@4283f29b, org.springframework.boot.test.autoconfigure.SpringBootDependencyInjectionTestExecutionListener@56d4481f, org.springframework.test.context.support.DirtiesContextTestExecutionListener@625430f8, org.springframework.test.context.transaction.TransactionalTestExecutionListener@627f678d, org.springframework.test.context.jdbc.SqlScriptsTestExecutionListener@3fb54673, org.springframework.test.context.event.EventPublishingTestExecutionListener@4b55652a, org.springframework.boot.test.autoconfigure.restdocs.RestDocsTestExecutionListener@8c54f48, org.springframework.boot.test.autoconfigure.web.client.MockRestServiceServerResetTestExecutionListener@119f02d2, org.springframework.boot.test.autoconfigure.web.servlet.MockMvcPrintOnlyOnFailureTestExecutionListener@48c584c, org.springframework.boot.test.autoconfigure.web.servlet.WebDriverTestExecutionListener@641001c2, org.springframework.boot.test.autoconfigure.webservices.client.MockWebServiceServerTestExecutionListener@468dbd07, org.springframework.boot.test.mock.mockito.ResetMocksTestExecutionListener@2fedae96]
2022-09-26 21:30:19.642  INFO 18172 --- [    Test worker] o.s.t.c.transaction.TransactionContext   : Began transaction (1) for test context [DefaultTestContext@2dbfcbe4 testClass = imageTests, testInstance = com.example.realboard.imageTests@6f13ed1, testMethod = testDelete@imageTests, testException = [null], mergedContextConfiguration = [WebMergedContextConfiguration@44aaa987 testClass = imageTests, locations = '{}', classes = '{class com.example.realboard.RealBoardApplication}', contextInitializerClasses = '[]', activeProfiles = '{}', propertySourceLocations = '{}', propertySourceProperties = '{org.springframework.boot.test.context.SpringBootTestContextBootstrapper=true}', contextCustomizers = set[org.springframework.boot.test.autoconfigure.actuate.metrics.MetricsExportContextCustomizerFactory$DisableMetricExportContextCustomizer@65b3a85a, org.springframework.boot.test.autoconfigure.properties.PropertyMappingContextCustomizer@0, org.springframework.boot.test.autoconfigure.web.servlet.WebDriverContextCustomizerFactory$Customizer@4c4d27c8, org.springframework.boot.test.context.filter.ExcludeFilterContextCustomizer@129b4fe2, org.springframework.boot.test.json.DuplicateJsonObjectContextCustomizerFactory$DuplicateJsonObjectContextCustomizer@10993713, org.springframework.boot.test.mock.mockito.MockitoContextCustomizer@0, org.springframework.boot.test.web.client.TestRestTemplateContextCustomizer@a8e6492, org.springframework.boot.test.context.SpringBootTestArgs@1, org.springframework.boot.test.context.SpringBootTestWebEnvironment@452e19ca], resourceBasePath = 'src/main/webapp', contextLoader = 'org.springframework.boot.test.context.SpringBootContextLoader', parent = [null]], attributes = map['org.springframework.test.context.web.ServletTestExecutionListener.activateListener' -> true, 'org.springframework.test.context.web.ServletTestExecutionListener.populatedRequestContextHolder' -> true, 'org.springframework.test.context.web.ServletTestExecutionListener.resetRequestContextHolder' -> true, 'org.springframework.test.context.event.ApplicationEventsTestExecutionListener.recordApplicationEvents' -> false]]; transaction manager [org.springframework.orm.jpa.JpaTransactionManager@1ed0128b]; rollback [false]
Hibernate: 
    delete 
    from
        board_image 
    where
        board_bno=?
2022-09-26 21:30:19.647  INFO 18172 --- [    Test worker] o.s.t.c.transaction.TransactionContext   : Committed transaction for test: [DefaultTestContext@2dbfcbe4 testClass = imageTests, testInstance = com.example.realboard.imageTests@6f13ed1, testMethod = testDelete@imageTests, testException = [null], mergedContextConfiguration = [WebMergedContextConfiguration@44aaa987 testClass = imageTests, locations = '{}', classes = '{class com.example.realboard.RealBoardApplication}', contextInitializerClasses = '[]', activeProfiles = '{}', propertySourceLocations = '{}', propertySourceProperties = '{org.springframework.boot.test.context.SpringBootTestContextBootstrapper=true}', contextCustomizers = set[org.springframework.boot.test.autoconfigure.actuate.metrics.MetricsExportContextCustomizerFactory$DisableMetricExportContextCustomizer@65b3a85a, org.springframework.boot.test.autoconfigure.properties.PropertyMappingContextCustomizer@0, org.springframework.boot.test.autoconfigure.web.servlet.WebDriverContextCustomizerFactory$Customizer@4c4d27c8, org.springframework.boot.test.context.filter.ExcludeFilterContextCustomizer@129b4fe2, org.springframework.boot.test.json.DuplicateJsonObjectContextCustomizerFactory$DuplicateJsonObjectContextCustomizer@10993713, org.springframework.boot.test.mock.mockito.MockitoContextCustomizer@0, org.springframework.boot.test.web.client.TestRestTemplateContextCustomizer@a8e6492, org.springframework.boot.test.context.SpringBootTestArgs@1, org.springframework.boot.test.context.SpringBootTestWebEnvironment@452e19ca], resourceBasePath = 'src/main/webapp', contextLoader = 'org.springframework.boot.test.context.SpringBootContextLoader', parent = [null]], attributes = map['org.springframework.test.context.web.ServletTestExecutionListener.activateListener' -> true, 'org.springframework.test.context.web.ServletTestExecutionListener.populatedRequestContextHolder' -> true, 'org.springframework.test.context.web.ServletTestExecutionListener.resetRequestContextHolder' -> true, 'org.springframework.test.context.event.ApplicationEventsTestExecutionListener.recordApplicationEvents' -> false]]
]]></system-out>
  <system-err><![CDATA[]]></system-err>
</testsuite>
