<?xml version="1.0" encoding="UTF-8"?>
<testsuite name="com.example.realboard.ReplyTests" tests="3" skipped="0" failures="0" errors="0" timestamp="2022-10-20T06:21:20" hostname="DESKTOP-1408KAA" time="0.074">
  <properties/>
  <testcase name="testGetBoardReply()" classname="com.example.realboard.ReplyTests" time="0.049"/>
  <testcase name="testReplyGGet()" classname="com.example.realboard.ReplyTests" time="0.01"/>
  <testcase name="DeleteReplyByMember()" classname="com.example.realboard.ReplyTests" time="0.011"/>
  <system-out><![CDATA[2022-10-20 15:21:20.050  INFO 11728 --- [    Test worker] .b.t.c.SpringBootTestContextBootstrapper : Neither @ContextConfiguration nor @ContextHierarchy found for test class [com.example.realboard.ReplyTests], using SpringBootContextLoader
2022-10-20 15:21:20.051  INFO 11728 --- [    Test worker] o.s.t.c.support.AbstractContextLoader    : Could not detect default resource locations for test class [com.example.realboard.ReplyTests]: no resource found for suffixes {-context.xml, Context.groovy}.
2022-10-20 15:21:20.051  INFO 11728 --- [    Test worker] t.c.s.AnnotationConfigContextLoaderUtils : Could not detect default configuration classes for test class [com.example.realboard.ReplyTests]: ReplyTests does not declare any static, non-private, non-final, nested classes annotated with @Configuration.
2022-10-20 15:21:20.052  INFO 11728 --- [    Test worker] .b.t.c.SpringBootTestContextBootstrapper : Found @SpringBootConfiguration com.example.realboard.RealBoardApplication for test class com.example.realboard.ReplyTests
2022-10-20 15:21:20.054  INFO 11728 --- [    Test worker] .b.t.c.SpringBootTestContextBootstrapper : Loaded default TestExecutionListener class names from location [META-INF/spring.factories]: [org.springframework.security.test.context.support.WithSecurityContextTestExecutionListener, org.springframework.security.test.context.support.ReactorContextTestExecutionListener, org.springframework.boot.test.autoconfigure.restdocs.RestDocsTestExecutionListener, org.springframework.boot.test.autoconfigure.web.client.MockRestServiceServerResetTestExecutionListener, org.springframework.boot.test.autoconfigure.web.servlet.MockMvcPrintOnlyOnFailureTestExecutionListener, org.springframework.boot.test.autoconfigure.web.servlet.WebDriverTestExecutionListener, org.springframework.boot.test.autoconfigure.webservices.client.MockWebServiceServerTestExecutionListener, org.springframework.boot.test.mock.mockito.MockitoTestExecutionListener, org.springframework.boot.test.mock.mockito.ResetMocksTestExecutionListener, org.springframework.test.context.web.ServletTestExecutionListener, org.springframework.test.context.support.DirtiesContextBeforeModesTestExecutionListener, org.springframework.test.context.event.ApplicationEventsTestExecutionListener, org.springframework.test.context.support.DependencyInjectionTestExecutionListener, org.springframework.test.context.support.DirtiesContextTestExecutionListener, org.springframework.test.context.transaction.TransactionalTestExecutionListener, org.springframework.test.context.jdbc.SqlScriptsTestExecutionListener, org.springframework.test.context.event.EventPublishingTestExecutionListener]
2022-10-20 15:21:20.055  INFO 11728 --- [    Test worker] .b.t.c.SpringBootTestContextBootstrapper : Using TestExecutionListeners: [org.springframework.test.context.web.ServletTestExecutionListener@47897093, org.springframework.test.context.support.DirtiesContextBeforeModesTestExecutionListener@33e19be9, org.springframework.test.context.event.ApplicationEventsTestExecutionListener@6ed2aa8a, org.springframework.boot.test.mock.mockito.MockitoTestExecutionListener@53ec379a, org.springframework.boot.test.autoconfigure.SpringBootDependencyInjectionTestExecutionListener@5f6dd89c, org.springframework.test.context.support.DirtiesContextTestExecutionListener@606c2e4b, org.springframework.test.context.transaction.TransactionalTestExecutionListener@1b914e36, org.springframework.test.context.jdbc.SqlScriptsTestExecutionListener@29f3ea39, org.springframework.security.test.context.support.WithSecurityContextTestExecutionListener@18eb6ea3, org.springframework.test.context.event.EventPublishingTestExecutionListener@19740583, org.springframework.security.test.context.support.ReactorContextTestExecutionListener@8850865, org.springframework.boot.test.autoconfigure.restdocs.RestDocsTestExecutionListener@3e11996e, org.springframework.boot.test.autoconfigure.web.client.MockRestServiceServerResetTestExecutionListener@7dcc6679, org.springframework.boot.test.autoconfigure.web.servlet.MockMvcPrintOnlyOnFailureTestExecutionListener@44ad3c5e, org.springframework.boot.test.autoconfigure.web.servlet.WebDriverTestExecutionListener@64cbc28e, org.springframework.boot.test.autoconfigure.webservices.client.MockWebServiceServerTestExecutionListener@5623fd90, org.springframework.boot.test.mock.mockito.ResetMocksTestExecutionListener@4842a683]
Hibernate: 
    select
        reply0_.reply_num as reply_nu1_5_0_,
        member1_.mid as mid1_3_1_,
        reply0_.moddate as moddate2_5_0_,
        reply0_.regdate as regdate3_5_0_,
        reply0_.board_bno as board_bn5_5_0_,
        reply0_.member_mid as member_m6_5_0_,
        reply0_.text as text4_5_0_,
        member1_.moddate as moddate2_3_1_,
        member1_.regdate as regdate3_3_1_,
        member1_.email as email4_3_1_,
        member1_.nickname as nickname5_3_1_,
        member1_.password as password6_3_1_,
        member1_.phone as phone7_3_1_ 
    from
        reply reply0_ 
    left outer join
        member member1_ 
            on reply0_.member_mid=member1_.mid 
    where
        reply0_.board_bno=?
11
Reply..11
user11@naver.com
46
Reply..46
user4@naver.com
49
Reply..49
user21@naver.com
57
Reply..57
user10@naver.com
Hibernate: 
    select
        reply0_.reply_num as reply_nu1_5_0_,
        member1_.mid as mid1_3_1_,
        reply0_.moddate as moddate2_5_0_,
        reply0_.regdate as regdate3_5_0_,
        reply0_.board_bno as board_bn5_5_0_,
        reply0_.member_mid as member_m6_5_0_,
        reply0_.text as text4_5_0_,
        member1_.moddate as moddate2_3_1_,
        member1_.regdate as regdate3_3_1_,
        member1_.email as email4_3_1_,
        member1_.nickname as nickname5_3_1_,
        member1_.password as password6_3_1_,
        member1_.phone as phone7_3_1_ 
    from
        reply reply0_ 
    left outer join
        member member1_ 
            on reply0_.member_mid=member1_.mid 
    where
        reply0_.board_bno=?
2022-10-20 15:21:20.125  INFO 11728 --- [    Test worker] o.s.t.c.transaction.TransactionContext   : Began transaction (1) for test context [DefaultTestContext@7789719e testClass = ReplyTests, testInstance = com.example.realboard.ReplyTests@5fbb2e1c, testMethod = DeleteReplyByMember@ReplyTests, testException = [null], mergedContextConfiguration = [WebMergedContextConfiguration@138d85f8 testClass = ReplyTests, locations = '{}', classes = '{class com.example.realboard.RealBoardApplication}', contextInitializerClasses = '[]', activeProfiles = '{}', propertySourceLocations = '{}', propertySourceProperties = '{org.springframework.boot.test.context.SpringBootTestContextBootstrapper=true}', contextCustomizers = set[org.springframework.boot.test.autoconfigure.actuate.metrics.MetricsExportContextCustomizerFactory$DisableMetricExportContextCustomizer@67ab1c47, org.springframework.boot.test.autoconfigure.properties.PropertyMappingContextCustomizer@0, org.springframework.boot.test.autoconfigure.web.servlet.WebDriverContextCustomizerFactory$Customizer@60d1a32f, org.springframework.boot.test.context.filter.ExcludeFilterContextCustomizer@40c80397, org.springframework.boot.test.json.DuplicateJsonObjectContextCustomizerFactory$DuplicateJsonObjectContextCustomizer@e077866, org.springframework.boot.test.mock.mockito.MockitoContextCustomizer@0, org.springframework.boot.test.web.client.TestRestTemplateContextCustomizer@4678a2eb, org.springframework.boot.test.context.SpringBootTestArgs@1, org.springframework.boot.test.context.SpringBootTestWebEnvironment@4b2c5e02], resourceBasePath = 'src/main/webapp', contextLoader = 'org.springframework.boot.test.context.SpringBootContextLoader', parent = [null]], attributes = map['org.springframework.test.context.web.ServletTestExecutionListener.activateListener' -> true, 'org.springframework.test.context.web.ServletTestExecutionListener.populatedRequestContextHolder' -> true, 'org.springframework.test.context.web.ServletTestExecutionListener.resetRequestContextHolder' -> true, 'org.springframework.test.context.event.ApplicationEventsTestExecutionListener.recordApplicationEvents' -> false]]; transaction manager [org.springframework.orm.jpa.JpaTransactionManager@2d0ce8a1]; rollback [false]
Hibernate: 
    delete 
    from
        reply 
    where
        member_mid=?
2022-10-20 15:21:20.134  INFO 11728 --- [    Test worker] o.s.t.c.transaction.TransactionContext   : Committed transaction for test: [DefaultTestContext@7789719e testClass = ReplyTests, testInstance = com.example.realboard.ReplyTests@5fbb2e1c, testMethod = DeleteReplyByMember@ReplyTests, testException = [null], mergedContextConfiguration = [WebMergedContextConfiguration@138d85f8 testClass = ReplyTests, locations = '{}', classes = '{class com.example.realboard.RealBoardApplication}', contextInitializerClasses = '[]', activeProfiles = '{}', propertySourceLocations = '{}', propertySourceProperties = '{org.springframework.boot.test.context.SpringBootTestContextBootstrapper=true}', contextCustomizers = set[org.springframework.boot.test.autoconfigure.actuate.metrics.MetricsExportContextCustomizerFactory$DisableMetricExportContextCustomizer@67ab1c47, org.springframework.boot.test.autoconfigure.properties.PropertyMappingContextCustomizer@0, org.springframework.boot.test.autoconfigure.web.servlet.WebDriverContextCustomizerFactory$Customizer@60d1a32f, org.springframework.boot.test.context.filter.ExcludeFilterContextCustomizer@40c80397, org.springframework.boot.test.json.DuplicateJsonObjectContextCustomizerFactory$DuplicateJsonObjectContextCustomizer@e077866, org.springframework.boot.test.mock.mockito.MockitoContextCustomizer@0, org.springframework.boot.test.web.client.TestRestTemplateContextCustomizer@4678a2eb, org.springframework.boot.test.context.SpringBootTestArgs@1, org.springframework.boot.test.context.SpringBootTestWebEnvironment@4b2c5e02], resourceBasePath = 'src/main/webapp', contextLoader = 'org.springframework.boot.test.context.SpringBootContextLoader', parent = [null]], attributes = map['org.springframework.test.context.web.ServletTestExecutionListener.activateListener' -> true, 'org.springframework.test.context.web.ServletTestExecutionListener.populatedRequestContextHolder' -> true, 'org.springframework.test.context.web.ServletTestExecutionListener.resetRequestContextHolder' -> true, 'org.springframework.test.context.event.ApplicationEventsTestExecutionListener.recordApplicationEvents' -> false]]
]]></system-out>
  <system-err><![CDATA[]]></system-err>
</testsuite>
