<?xml version="1.0" encoding="UTF-8"?>
<testsuite name="com.example.realboard.PasswordTests" tests="1" skipped="0" failures="0" errors="0" timestamp="2022-10-21T06:59:31" hostname="DESKTOP-1408KAA" time="0.134">
  <properties/>
  <testcase name="testEncode()" classname="com.example.realboard.PasswordTests" time="0.134"/>
  <system-out><![CDATA[2022-10-21 15:59:31.658  INFO 21848 --- [    Test worker] .b.t.c.SpringBootTestContextBootstrapper : Neither @ContextConfiguration nor @ContextHierarchy found for test class [com.example.realboard.PasswordTests], using SpringBootContextLoader
2022-10-21 15:59:31.659  INFO 21848 --- [    Test worker] o.s.t.c.support.AbstractContextLoader    : Could not detect default resource locations for test class [com.example.realboard.PasswordTests]: no resource found for suffixes {-context.xml, Context.groovy}.
2022-10-21 15:59:31.659  INFO 21848 --- [    Test worker] t.c.s.AnnotationConfigContextLoaderUtils : Could not detect default configuration classes for test class [com.example.realboard.PasswordTests]: PasswordTests does not declare any static, non-private, non-final, nested classes annotated with @Configuration.
2022-10-21 15:59:31.661  INFO 21848 --- [    Test worker] .b.t.c.SpringBootTestContextBootstrapper : Found @SpringBootConfiguration com.example.realboard.RealBoardApplication for test class com.example.realboard.PasswordTests
2022-10-21 15:59:31.663  INFO 21848 --- [    Test worker] .b.t.c.SpringBootTestContextBootstrapper : Loaded default TestExecutionListener class names from location [META-INF/spring.factories]: [org.springframework.security.test.context.support.WithSecurityContextTestExecutionListener, org.springframework.security.test.context.support.ReactorContextTestExecutionListener, org.springframework.boot.test.autoconfigure.restdocs.RestDocsTestExecutionListener, org.springframework.boot.test.autoconfigure.web.client.MockRestServiceServerResetTestExecutionListener, org.springframework.boot.test.autoconfigure.web.servlet.MockMvcPrintOnlyOnFailureTestExecutionListener, org.springframework.boot.test.autoconfigure.web.servlet.WebDriverTestExecutionListener, org.springframework.boot.test.autoconfigure.webservices.client.MockWebServiceServerTestExecutionListener, org.springframework.boot.test.mock.mockito.MockitoTestExecutionListener, org.springframework.boot.test.mock.mockito.ResetMocksTestExecutionListener, org.springframework.test.context.web.ServletTestExecutionListener, org.springframework.test.context.support.DirtiesContextBeforeModesTestExecutionListener, org.springframework.test.context.event.ApplicationEventsTestExecutionListener, org.springframework.test.context.support.DependencyInjectionTestExecutionListener, org.springframework.test.context.support.DirtiesContextTestExecutionListener, org.springframework.test.context.transaction.TransactionalTestExecutionListener, org.springframework.test.context.jdbc.SqlScriptsTestExecutionListener, org.springframework.test.context.event.EventPublishingTestExecutionListener]
2022-10-21 15:59:31.664  INFO 21848 --- [    Test worker] .b.t.c.SpringBootTestContextBootstrapper : Using TestExecutionListeners: [org.springframework.test.context.web.ServletTestExecutionListener@4ac7927a, org.springframework.test.context.support.DirtiesContextBeforeModesTestExecutionListener@25bfc558, org.springframework.test.context.event.ApplicationEventsTestExecutionListener@3d837af7, org.springframework.boot.test.mock.mockito.MockitoTestExecutionListener@446dc997, org.springframework.boot.test.autoconfigure.SpringBootDependencyInjectionTestExecutionListener@32cfd722, org.springframework.test.context.support.DirtiesContextTestExecutionListener@69815126, org.springframework.test.context.transaction.TransactionalTestExecutionListener@4ff3ca23, org.springframework.test.context.jdbc.SqlScriptsTestExecutionListener@65f8933b, org.springframework.security.test.context.support.WithSecurityContextTestExecutionListener@29422e61, org.springframework.test.context.event.EventPublishingTestExecutionListener@4a29520e, org.springframework.security.test.context.support.ReactorContextTestExecutionListener@1b5a3bba, org.springframework.boot.test.autoconfigure.restdocs.RestDocsTestExecutionListener@3a9a12a1, org.springframework.boot.test.autoconfigure.web.client.MockRestServiceServerResetTestExecutionListener@21312b5, org.springframework.boot.test.autoconfigure.web.servlet.MockMvcPrintOnlyOnFailureTestExecutionListener@22a89db, org.springframework.boot.test.autoconfigure.web.servlet.WebDriverTestExecutionListener@4867f5cf, org.springframework.boot.test.autoconfigure.webservices.client.MockWebServiceServerTestExecutionListener@2202e978, org.springframework.boot.test.mock.mockito.ResetMocksTestExecutionListener@381ed137]
en Pw : $2a$10$bumDJaL.y5cdAopU99jzj.aVZPIS8X9TpQwyf/Qf2jn0CLhj8l1Du
matchResult : true
]]></system-out>
  <system-err><![CDATA[]]></system-err>
</testsuite>
