<?xml version="1.0" encoding="UTF-8"?>
<testsuite name="com.example.realboard.MemberTests" tests="1" skipped="0" failures="0" errors="0" timestamp="2022-10-04T08:22:23" hostname="DESKTOP-1408KAA" time="0.682">
  <properties/>
  <testcase name="insertMember()" classname="com.example.realboard.MemberTests" time="0.682"/>
  <system-out><![CDATA[2022-10-04 17:22:23.681  INFO 11588 --- [    Test worker] .b.t.c.SpringBootTestContextBootstrapper : Neither @ContextConfiguration nor @ContextHierarchy found for test class [com.example.realboard.MemberTests], using SpringBootContextLoader
2022-10-04 17:22:23.682  INFO 11588 --- [    Test worker] o.s.t.c.support.AbstractContextLoader    : Could not detect default resource locations for test class [com.example.realboard.MemberTests]: no resource found for suffixes {-context.xml, Context.groovy}.
2022-10-04 17:22:23.682  INFO 11588 --- [    Test worker] t.c.s.AnnotationConfigContextLoaderUtils : Could not detect default configuration classes for test class [com.example.realboard.MemberTests]: MemberTests does not declare any static, non-private, non-final, nested classes annotated with @Configuration.
2022-10-04 17:22:23.684  INFO 11588 --- [    Test worker] .b.t.c.SpringBootTestContextBootstrapper : Found @SpringBootConfiguration com.example.realboard.RealBoardApplication for test class com.example.realboard.MemberTests
2022-10-04 17:22:23.686  INFO 11588 --- [    Test worker] .b.t.c.SpringBootTestContextBootstrapper : Loaded default TestExecutionListener class names from location [META-INF/spring.factories]: [org.springframework.security.test.context.support.WithSecurityContextTestExecutionListener, org.springframework.security.test.context.support.ReactorContextTestExecutionListener, org.springframework.boot.test.autoconfigure.restdocs.RestDocsTestExecutionListener, org.springframework.boot.test.autoconfigure.web.client.MockRestServiceServerResetTestExecutionListener, org.springframework.boot.test.autoconfigure.web.servlet.MockMvcPrintOnlyOnFailureTestExecutionListener, org.springframework.boot.test.autoconfigure.web.servlet.WebDriverTestExecutionListener, org.springframework.boot.test.autoconfigure.webservices.client.MockWebServiceServerTestExecutionListener, org.springframework.boot.test.mock.mockito.MockitoTestExecutionListener, org.springframework.boot.test.mock.mockito.ResetMocksTestExecutionListener, org.springframework.test.context.web.ServletTestExecutionListener, org.springframework.test.context.support.DirtiesContextBeforeModesTestExecutionListener, org.springframework.test.context.event.ApplicationEventsTestExecutionListener, org.springframework.test.context.support.DependencyInjectionTestExecutionListener, org.springframework.test.context.support.DirtiesContextTestExecutionListener, org.springframework.test.context.transaction.TransactionalTestExecutionListener, org.springframework.test.context.jdbc.SqlScriptsTestExecutionListener, org.springframework.test.context.event.EventPublishingTestExecutionListener]
2022-10-04 17:22:23.687  INFO 11588 --- [    Test worker] .b.t.c.SpringBootTestContextBootstrapper : Using TestExecutionListeners: [org.springframework.test.context.web.ServletTestExecutionListener@e870ac9, org.springframework.test.context.support.DirtiesContextBeforeModesTestExecutionListener@6b78cbee, org.springframework.test.context.event.ApplicationEventsTestExecutionListener@70b67841, org.springframework.boot.test.mock.mockito.MockitoTestExecutionListener@7aa44fa2, org.springframework.boot.test.autoconfigure.SpringBootDependencyInjectionTestExecutionListener@4c43c37d, org.springframework.test.context.support.DirtiesContextTestExecutionListener@61c946a0, org.springframework.test.context.transaction.TransactionalTestExecutionListener@227e4ea8, org.springframework.test.context.jdbc.SqlScriptsTestExecutionListener@7a7fdc1a, org.springframework.security.test.context.support.WithSecurityContextTestExecutionListener@28f5a003, org.springframework.test.context.event.EventPublishingTestExecutionListener@3220ffb, org.springframework.security.test.context.support.ReactorContextTestExecutionListener@53791a39, org.springframework.boot.test.autoconfigure.restdocs.RestDocsTestExecutionListener@57629340, org.springframework.boot.test.autoconfigure.web.client.MockRestServiceServerResetTestExecutionListener@5292d417, org.springframework.boot.test.autoconfigure.web.servlet.MockMvcPrintOnlyOnFailureTestExecutionListener@415c5469, org.springframework.boot.test.autoconfigure.web.servlet.WebDriverTestExecutionListener@5aef36a9, org.springframework.boot.test.autoconfigure.webservices.client.MockWebServiceServerTestExecutionListener@19544627, org.springframework.boot.test.mock.mockito.ResetMocksTestExecutionListener@5da20b76]
Hibernate: 
    insert 
    into
        member
        (moddate, regdate, email, nickname, password, phone) 
    values
        (?, ?, ?, ?, ?, ?)
Hibernate: 
    insert 
    into
        member_role_set
        (member_mid, role_set) 
    values
        (?, ?)
Hibernate: 
    insert 
    into
        member
        (moddate, regdate, email, nickname, password, phone) 
    values
        (?, ?, ?, ?, ?, ?)
Hibernate: 
    insert 
    into
        member_role_set
        (member_mid, role_set) 
    values
        (?, ?)
Hibernate: 
    insert 
    into
        member
        (moddate, regdate, email, nickname, password, phone) 
    values
        (?, ?, ?, ?, ?, ?)
Hibernate: 
    insert 
    into
        member_role_set
        (member_mid, role_set) 
    values
        (?, ?)
Hibernate: 
    insert 
    into
        member
        (moddate, regdate, email, nickname, password, phone) 
    values
        (?, ?, ?, ?, ?, ?)
Hibernate: 
    insert 
    into
        member_role_set
        (member_mid, role_set) 
    values
        (?, ?)
Hibernate: 
    insert 
    into
        member
        (moddate, regdate, email, nickname, password, phone) 
    values
        (?, ?, ?, ?, ?, ?)
Hibernate: 
    insert 
    into
        member_role_set
        (member_mid, role_set) 
    values
        (?, ?)
Hibernate: 
    insert 
    into
        member
        (moddate, regdate, email, nickname, password, phone) 
    values
        (?, ?, ?, ?, ?, ?)
Hibernate: 
    insert 
    into
        member_role_set
        (member_mid, role_set) 
    values
        (?, ?)
Hibernate: 
    insert 
    into
        member
        (moddate, regdate, email, nickname, password, phone) 
    values
        (?, ?, ?, ?, ?, ?)
Hibernate: 
    insert 
    into
        member_role_set
        (member_mid, role_set) 
    values
        (?, ?)
Hibernate: 
    insert 
    into
        member
        (moddate, regdate, email, nickname, password, phone) 
    values
        (?, ?, ?, ?, ?, ?)
Hibernate: 
    insert 
    into
        member_role_set
        (member_mid, role_set) 
    values
        (?, ?)
Hibernate: 
    insert 
    into
        member
        (moddate, regdate, email, nickname, password, phone) 
    values
        (?, ?, ?, ?, ?, ?)
Hibernate: 
    insert 
    into
        member_role_set
        (member_mid, role_set) 
    values
        (?, ?)
Hibernate: 
    insert 
    into
        member
        (moddate, regdate, email, nickname, password, phone) 
    values
        (?, ?, ?, ?, ?, ?)
Hibernate: 
    insert 
    into
        member_role_set
        (member_mid, role_set) 
    values
        (?, ?)
]]></system-out>
  <system-err><![CDATA[]]></system-err>
</testsuite>
