<?xml version="1.0" encoding="UTF-8"?>
<testsuite name="com.example.realboard.PasswordTests" tests="1" skipped="0" failures="0" errors="0" timestamp="2022-10-20T06:21:19" hostname="DESKTOP-1408KAA" time="0.131">
  <properties/>
  <testcase name="testEncode()" classname="com.example.realboard.PasswordTests" time="0.131"/>
  <system-out><![CDATA[2022-10-20 15:21:19.893  INFO 11728 --- [    Test worker] .b.t.c.SpringBootTestContextBootstrapper : Neither @ContextConfiguration nor @ContextHierarchy found for test class [com.example.realboard.PasswordTests], using SpringBootContextLoader
2022-10-20 15:21:19.894  INFO 11728 --- [    Test worker] o.s.t.c.support.AbstractContextLoader    : Could not detect default resource locations for test class [com.example.realboard.PasswordTests]: no resource found for suffixes {-context.xml, Context.groovy}.
2022-10-20 15:21:19.895  INFO 11728 --- [    Test worker] t.c.s.AnnotationConfigContextLoaderUtils : Could not detect default configuration classes for test class [com.example.realboard.PasswordTests]: PasswordTests does not declare any static, non-private, non-final, nested classes annotated with @Configuration.
2022-10-20 15:21:19.896  INFO 11728 --- [    Test worker] .b.t.c.SpringBootTestContextBootstrapper : Found @SpringBootConfiguration com.example.realboard.RealBoardApplication for test class com.example.realboard.PasswordTests
2022-10-20 15:21:19.898  INFO 11728 --- [    Test worker] .b.t.c.SpringBootTestContextBootstrapper : Loaded default TestExecutionListener class names from location [META-INF/spring.factories]: [org.springframework.security.test.context.support.WithSecurityContextTestExecutionListener, org.springframework.security.test.context.support.ReactorContextTestExecutionListener, org.springframework.boot.test.autoconfigure.restdocs.RestDocsTestExecutionListener, org.springframework.boot.test.autoconfigure.web.client.MockRestServiceServerResetTestExecutionListener, org.springframework.boot.test.autoconfigure.web.servlet.MockMvcPrintOnlyOnFailureTestExecutionListener, org.springframework.boot.test.autoconfigure.web.servlet.WebDriverTestExecutionListener, org.springframework.boot.test.autoconfigure.webservices.client.MockWebServiceServerTestExecutionListener, org.springframework.boot.test.mock.mockito.MockitoTestExecutionListener, org.springframework.boot.test.mock.mockito.ResetMocksTestExecutionListener, org.springframework.test.context.web.ServletTestExecutionListener, org.springframework.test.context.support.DirtiesContextBeforeModesTestExecutionListener, org.springframework.test.context.event.ApplicationEventsTestExecutionListener, org.springframework.test.context.support.DependencyInjectionTestExecutionListener, org.springframework.test.context.support.DirtiesContextTestExecutionListener, org.springframework.test.context.transaction.TransactionalTestExecutionListener, org.springframework.test.context.jdbc.SqlScriptsTestExecutionListener, org.springframework.test.context.event.EventPublishingTestExecutionListener]
2022-10-20 15:21:19.899  INFO 11728 --- [    Test worker] .b.t.c.SpringBootTestContextBootstrapper : Using TestExecutionListeners: [org.springframework.test.context.web.ServletTestExecutionListener@2202e978, org.springframework.test.context.support.DirtiesContextBeforeModesTestExecutionListener@381ed137, org.springframework.test.context.event.ApplicationEventsTestExecutionListener@6eacf3be, org.springframework.boot.test.mock.mockito.MockitoTestExecutionListener@1912ba29, org.springframework.boot.test.autoconfigure.SpringBootDependencyInjectionTestExecutionListener@2c6ed95a, org.springframework.test.context.support.DirtiesContextTestExecutionListener@62b72289, org.springframework.test.context.transaction.TransactionalTestExecutionListener@6b8f1c62, org.springframework.test.context.jdbc.SqlScriptsTestExecutionListener@67c020c8, org.springframework.security.test.context.support.WithSecurityContextTestExecutionListener@3d3e9163, org.springframework.test.context.event.EventPublishingTestExecutionListener@66464f27, org.springframework.security.test.context.support.ReactorContextTestExecutionListener@75392381, org.springframework.boot.test.autoconfigure.restdocs.RestDocsTestExecutionListener@13198b8e, org.springframework.boot.test.autoconfigure.web.client.MockRestServiceServerResetTestExecutionListener@5ae5a507, org.springframework.boot.test.autoconfigure.web.servlet.MockMvcPrintOnlyOnFailureTestExecutionListener@e8ef60b, org.springframework.boot.test.autoconfigure.web.servlet.WebDriverTestExecutionListener@3217e970, org.springframework.boot.test.autoconfigure.webservices.client.MockWebServiceServerTestExecutionListener@6d0d5147, org.springframework.boot.test.mock.mockito.ResetMocksTestExecutionListener@1a370c7c]
en Pw : $2a$10$mF7W0xHANMtUDffXtQ8hFe89KI.PxOGdEkWNrhQtz4MuB5rSpeu5K
matchResult : true
]]></system-out>
  <system-err><![CDATA[]]></system-err>
</testsuite>
