<?xml version="1.0" encoding="UTF-8"?>
<testsuite name="com.example.realboard.BoardTests" tests="4" skipped="0" failures="0" errors="0" timestamp="2022-10-21T06:59:30" hostname="DESKTOP-1408KAA" time="0.376">
  <properties/>
  <testcase name="testDeleteBoardByMember()" classname="com.example.realboard.BoardTests" time="0.017"/>
  <testcase name="insertKid()" classname="com.example.realboard.BoardTests" time="0.157"/>
  <testcase name="testSearch1()" classname="com.example.realboard.BoardTests" time="0.175"/>
  <testcase name="testPaging()" classname="com.example.realboard.BoardTests" time="0.024"/>
  <system-out><![CDATA[2022-10-21 15:59:30.514  INFO 21848 --- [    Test worker] .b.t.c.SpringBootTestContextBootstrapper : Neither @ContextConfiguration nor @ContextHierarchy found for test class [com.example.realboard.BoardTests], using SpringBootContextLoader
2022-10-21 15:59:30.516  INFO 21848 --- [    Test worker] o.s.t.c.support.AbstractContextLoader    : Could not detect default resource locations for test class [com.example.realboard.BoardTests]: no resource found for suffixes {-context.xml, Context.groovy}.
2022-10-21 15:59:30.516  INFO 21848 --- [    Test worker] t.c.s.AnnotationConfigContextLoaderUtils : Could not detect default configuration classes for test class [com.example.realboard.BoardTests]: BoardTests does not declare any static, non-private, non-final, nested classes annotated with @Configuration.
2022-10-21 15:59:30.520  INFO 21848 --- [    Test worker] .b.t.c.SpringBootTestContextBootstrapper : Found @SpringBootConfiguration com.example.realboard.RealBoardApplication for test class com.example.realboard.BoardTests
2022-10-21 15:59:30.524  INFO 21848 --- [    Test worker] .b.t.c.SpringBootTestContextBootstrapper : Loaded default TestExecutionListener class names from location [META-INF/spring.factories]: [org.springframework.security.test.context.support.WithSecurityContextTestExecutionListener, org.springframework.security.test.context.support.ReactorContextTestExecutionListener, org.springframework.boot.test.autoconfigure.restdocs.RestDocsTestExecutionListener, org.springframework.boot.test.autoconfigure.web.client.MockRestServiceServerResetTestExecutionListener, org.springframework.boot.test.autoconfigure.web.servlet.MockMvcPrintOnlyOnFailureTestExecutionListener, org.springframework.boot.test.autoconfigure.web.servlet.WebDriverTestExecutionListener, org.springframework.boot.test.autoconfigure.webservices.client.MockWebServiceServerTestExecutionListener, org.springframework.boot.test.mock.mockito.MockitoTestExecutionListener, org.springframework.boot.test.mock.mockito.ResetMocksTestExecutionListener, org.springframework.test.context.web.ServletTestExecutionListener, org.springframework.test.context.support.DirtiesContextBeforeModesTestExecutionListener, org.springframework.test.context.event.ApplicationEventsTestExecutionListener, org.springframework.test.context.support.DependencyInjectionTestExecutionListener, org.springframework.test.context.support.DirtiesContextTestExecutionListener, org.springframework.test.context.transaction.TransactionalTestExecutionListener, org.springframework.test.context.jdbc.SqlScriptsTestExecutionListener, org.springframework.test.context.event.EventPublishingTestExecutionListener]
2022-10-21 15:59:30.525  INFO 21848 --- [    Test worker] .b.t.c.SpringBootTestContextBootstrapper : Using TestExecutionListeners: [org.springframework.test.context.web.ServletTestExecutionListener@59e24c62, org.springframework.test.context.support.DirtiesContextBeforeModesTestExecutionListener@5379488c, org.springframework.test.context.event.ApplicationEventsTestExecutionListener@744c16fb, org.springframework.boot.test.mock.mockito.MockitoTestExecutionListener@31e5d408, org.springframework.boot.test.autoconfigure.SpringBootDependencyInjectionTestExecutionListener@7aaf0f0a, org.springframework.test.context.support.DirtiesContextTestExecutionListener@638b05fb, org.springframework.test.context.transaction.TransactionalTestExecutionListener@77e42cbf, org.springframework.test.context.jdbc.SqlScriptsTestExecutionListener@68bef3df, org.springframework.security.test.context.support.WithSecurityContextTestExecutionListener@6aeb769d, org.springframework.test.context.event.EventPublishingTestExecutionListener@51f412e6, org.springframework.security.test.context.support.ReactorContextTestExecutionListener@7234db3, org.springframework.boot.test.autoconfigure.restdocs.RestDocsTestExecutionListener@189c6683, org.springframework.boot.test.autoconfigure.web.client.MockRestServiceServerResetTestExecutionListener@2972b493, org.springframework.boot.test.autoconfigure.web.servlet.MockMvcPrintOnlyOnFailureTestExecutionListener@58e0f079, org.springframework.boot.test.autoconfigure.web.servlet.WebDriverTestExecutionListener@45b37003, org.springframework.boot.test.autoconfigure.webservices.client.MockWebServiceServerTestExecutionListener@3e60be48, org.springframework.boot.test.mock.mockito.ResetMocksTestExecutionListener@20a533b]
2022-10-21 15:59:30.532  INFO 21848 --- [    Test worker] o.s.t.c.transaction.TransactionContext   : Began transaction (1) for test context [DefaultTestContext@1418a1bd testClass = BoardTests, testInstance = com.example.realboard.BoardTests@49e54217, testMethod = testDeleteBoardByMember@BoardTests, testException = [null], mergedContextConfiguration = [WebMergedContextConfiguration@628af295 testClass = BoardTests, locations = '{}', classes = '{class com.example.realboard.RealBoardApplication}', contextInitializerClasses = '[]', activeProfiles = '{}', propertySourceLocations = '{}', propertySourceProperties = '{org.springframework.boot.test.context.SpringBootTestContextBootstrapper=true}', contextCustomizers = set[org.springframework.boot.test.autoconfigure.actuate.metrics.MetricsExportContextCustomizerFactory$DisableMetricExportContextCustomizer@67ab1c47, org.springframework.boot.test.autoconfigure.properties.PropertyMappingContextCustomizer@0, org.springframework.boot.test.autoconfigure.web.servlet.WebDriverContextCustomizerFactory$Customizer@60d1a32f, org.springframework.boot.test.context.filter.ExcludeFilterContextCustomizer@40c80397, org.springframework.boot.test.json.DuplicateJsonObjectContextCustomizerFactory$DuplicateJsonObjectContextCustomizer@e077866, org.springframework.boot.test.mock.mockito.MockitoContextCustomizer@0, org.springframework.boot.test.web.client.TestRestTemplateContextCustomizer@4678a2eb, org.springframework.boot.test.context.SpringBootTestArgs@1, org.springframework.boot.test.context.SpringBootTestWebEnvironment@4b2c5e02], resourceBasePath = 'src/main/webapp', contextLoader = 'org.springframework.boot.test.context.SpringBootContextLoader', parent = [null]], attributes = map['org.springframework.test.context.web.ServletTestExecutionListener.activateListener' -> true, 'org.springframework.test.context.web.ServletTestExecutionListener.populatedRequestContextHolder' -> true, 'org.springframework.test.context.web.ServletTestExecutionListener.resetRequestContextHolder' -> true, 'org.springframework.test.context.event.ApplicationEventsTestExecutionListener.recordApplicationEvents' -> false]]; transaction manager [org.springframework.orm.jpa.JpaTransactionManager@18edbed9]; rollback [false]
Hibernate: 
    select
        board0_.bno as bno1_0_,
        board0_.moddate as moddate2_0_,
        board0_.regdate as regdate3_0_,
        board0_.content as content4_0_,
        board0_.like_hit as like_hit5_0_,
        board0_.member_mid as member_11_0_,
        board0_.parent_num as parent_n6_0_,
        board0_.ref as ref7_0_,
        board0_.ref_order as ref_orde8_0_,
        board0_.step as step9_0_,
        board0_.title as title10_0_ 
    from
        board board0_ 
    where
        board0_.member_mid=?
Hibernate: 
    delete 
    from
        board 
    where
        member_mid=?
2022-10-21 15:59:30.547  INFO 21848 --- [    Test worker] o.s.t.c.transaction.TransactionContext   : Committed transaction for test: [DefaultTestContext@1418a1bd testClass = BoardTests, testInstance = com.example.realboard.BoardTests@49e54217, testMethod = testDeleteBoardByMember@BoardTests, testException = [null], mergedContextConfiguration = [WebMergedContextConfiguration@628af295 testClass = BoardTests, locations = '{}', classes = '{class com.example.realboard.RealBoardApplication}', contextInitializerClasses = '[]', activeProfiles = '{}', propertySourceLocations = '{}', propertySourceProperties = '{org.springframework.boot.test.context.SpringBootTestContextBootstrapper=true}', contextCustomizers = set[org.springframework.boot.test.autoconfigure.actuate.metrics.MetricsExportContextCustomizerFactory$DisableMetricExportContextCustomizer@67ab1c47, org.springframework.boot.test.autoconfigure.properties.PropertyMappingContextCustomizer@0, org.springframework.boot.test.autoconfigure.web.servlet.WebDriverContextCustomizerFactory$Customizer@60d1a32f, org.springframework.boot.test.context.filter.ExcludeFilterContextCustomizer@40c80397, org.springframework.boot.test.json.DuplicateJsonObjectContextCustomizerFactory$DuplicateJsonObjectContextCustomizer@e077866, org.springframework.boot.test.mock.mockito.MockitoContextCustomizer@0, org.springframework.boot.test.web.client.TestRestTemplateContextCustomizer@4678a2eb, org.springframework.boot.test.context.SpringBootTestArgs@1, org.springframework.boot.test.context.SpringBootTestWebEnvironment@4b2c5e02], resourceBasePath = 'src/main/webapp', contextLoader = 'org.springframework.boot.test.context.SpringBootContextLoader', parent = [null]], attributes = map['org.springframework.test.context.web.ServletTestExecutionListener.activateListener' -> true, 'org.springframework.test.context.web.ServletTestExecutionListener.populatedRequestContextHolder' -> true, 'org.springframework.test.context.web.ServletTestExecutionListener.resetRequestContextHolder' -> true, 'org.springframework.test.context.event.ApplicationEventsTestExecutionListener.recordApplicationEvents' -> false]]
Hibernate: 
    select
        board0_.bno as bno1_0_0_,
        board0_.moddate as moddate2_0_0_,
        board0_.regdate as regdate3_0_0_,
        board0_.content as content4_0_0_,
        board0_.like_hit as like_hit5_0_0_,
        board0_.member_mid as member_11_0_0_,
        board0_.parent_num as parent_n6_0_0_,
        board0_.ref as ref7_0_0_,
        board0_.ref_order as ref_orde8_0_0_,
        board0_.step as step9_0_0_,
        board0_.title as title10_0_0_ 
    from
        board board0_ 
    where
        board0_.bno=?
Hibernate: 
    insert 
    into
        board
        (moddate, regdate, content, like_hit, member_mid, parent_num, ref, ref_order, step, title) 
    values
        (?, ?, ?, ?, ?, ?, ?, ?, ?, ?)
2022-10-21 15:59:30.707  INFO 21848 --- [    Test worker] o.s.t.c.transaction.TransactionContext   : Began transaction (1) for test context [DefaultTestContext@1418a1bd testClass = BoardTests, testInstance = com.example.realboard.BoardTests@41dbf02b, testMethod = testSearch1@BoardTests, testException = [null], mergedContextConfiguration = [WebMergedContextConfiguration@628af295 testClass = BoardTests, locations = '{}', classes = '{class com.example.realboard.RealBoardApplication}', contextInitializerClasses = '[]', activeProfiles = '{}', propertySourceLocations = '{}', propertySourceProperties = '{org.springframework.boot.test.context.SpringBootTestContextBootstrapper=true}', contextCustomizers = set[org.springframework.boot.test.autoconfigure.actuate.metrics.MetricsExportContextCustomizerFactory$DisableMetricExportContextCustomizer@67ab1c47, org.springframework.boot.test.autoconfigure.properties.PropertyMappingContextCustomizer@0, org.springframework.boot.test.autoconfigure.web.servlet.WebDriverContextCustomizerFactory$Customizer@60d1a32f, org.springframework.boot.test.context.filter.ExcludeFilterContextCustomizer@40c80397, org.springframework.boot.test.json.DuplicateJsonObjectContextCustomizerFactory$DuplicateJsonObjectContextCustomizer@e077866, org.springframework.boot.test.mock.mockito.MockitoContextCustomizer@0, org.springframework.boot.test.web.client.TestRestTemplateContextCustomizer@4678a2eb, org.springframework.boot.test.context.SpringBootTestArgs@1, org.springframework.boot.test.context.SpringBootTestWebEnvironment@4b2c5e02], resourceBasePath = 'src/main/webapp', contextLoader = 'org.springframework.boot.test.context.SpringBootContextLoader', parent = [null]], attributes = map['org.springframework.test.context.web.ServletTestExecutionListener.activateListener' -> true, 'org.springframework.test.context.web.ServletTestExecutionListener.populatedRequestContextHolder' -> true, 'org.springframework.test.context.web.ServletTestExecutionListener.resetRequestContextHolder' -> true, 'org.springframework.test.context.event.ApplicationEventsTestExecutionListener.recordApplicationEvents' -> false]]; transaction manager [org.springframework.orm.jpa.JpaTransactionManager@18edbed9]; rollback [true]
2022-10-21 15:59:30.719  INFO 21848 --- [    Test worker] c.e.r.r.s.SearchBoardRepositoryImpl      : SearchPage ,,,
Hibernate: 
    select
        board0_.bno as col_0_0_,
        member1_.mid as col_1_0_,
        count(reply2_.reply_num) as col_2_0_,
        board0_.bno as bno1_0_0_,
        member1_.mid as mid1_3_1_,
        board0_.moddate as moddate2_0_0_,
        board0_.regdate as regdate3_0_0_,
        board0_.content as content4_0_0_,
        board0_.like_hit as like_hit5_0_0_,
        board0_.member_mid as member_11_0_0_,
        board0_.parent_num as parent_n6_0_0_,
        board0_.ref as ref7_0_0_,
        board0_.ref_order as ref_orde8_0_0_,
        board0_.step as step9_0_0_,
        board0_.title as title10_0_0_,
        member1_.moddate as moddate2_3_1_,
        member1_.regdate as regdate3_3_1_,
        member1_.email as email4_3_1_,
        member1_.nickname as nickname5_3_1_,
        member1_.password as password6_3_1_,
        member1_.phone as phone7_3_1_ 
    from
        board board0_ 
    left outer join
        member member1_ 
            on (
                board0_.member_mid=member1_.mid
            ) 
    left outer join
        reply reply2_ 
            on (
                reply2_.board_bno=board0_.bno
            ) 
    where
        board0_.bno>? 
        and (
            board0_.title like ? escape '!'
        ) 
    group by
        board0_.bno 
    order by
        board0_.ref desc,
        board0_.ref_order asc,
        board0_.title asc limit ?
Hibernate: 
    select
        roleset0_.member_mid as member_m1_4_0_,
        roleset0_.role_set as role_set2_4_0_ 
    from
        member_role_set roleset0_ 
    where
        roleset0_.member_mid=?
Hibernate: 
    select
        roleset0_.member_mid as member_m1_4_0_,
        roleset0_.role_set as role_set2_4_0_ 
    from
        member_role_set roleset0_ 
    where
        roleset0_.member_mid=?
Hibernate: 
    select
        roleset0_.member_mid as member_m1_4_0_,
        roleset0_.role_set as role_set2_4_0_ 
    from
        member_role_set roleset0_ 
    where
        roleset0_.member_mid=?
2022-10-21 15:59:30.853  INFO 21848 --- [    Test worker] c.e.r.r.s.SearchBoardRepositoryImpl      : [[Board(bno=266, title=임시제목1, content=임시1, ref=266, likeHit=0, step=0, refOrder=0, parentNum=0), Member(mid=1, email=user1@naver.com, phone=null, password=1111, nickname=user1, roleSet=[]), 1], [Board(bno=256, title=1, content=111, ref=256, likeHit=0, step=0, refOrder=0, parentNum=0), Member(mid=102, email=gpgp@naver.com, phone=null, password=$2a$10$.OsCygrJZ/Qdoe.Qy52WHO/MXsGWdYlz/pO.29Bz6MqaBmD.ofXzq, nickname=헤헤, roleSet=[USER]), 0], [Board(bno=259, title=[256]번의 답글 : 1-2, content=12, ref=256, likeHit=1, step=1, refOrder=1, parentNum=256), Member(mid=102, email=gpgp@naver.com, phone=null, password=$2a$10$.OsCygrJZ/Qdoe.Qy52WHO/MXsGWdYlz/pO.29Bz6MqaBmD.ofXzq, nickname=헤헤, roleSet=[USER]), 0], [Board(bno=260, title=[259]번의 답글 : 121, content=222, ref=256, likeHit=0, step=2, refOrder=3, parentNum=259), Member(mid=102, email=gpgp@naver.com, phone=null, password=$2a$10$.OsCygrJZ/Qdoe.Qy52WHO/MXsGWdYlz/pO.29Bz6MqaBmD.ofXzq, nickname=헤헤, roleSet=[USER]), 0], [Board(bno=257, title=[256]번의 답글 : 1 1, content=111, ref=256, likeHit=0, step=1, refOrder=4, parentNum=256), Member(mid=102, email=gpgp@naver.com, phone=null, password=$2a$10$.OsCygrJZ/Qdoe.Qy52WHO/MXsGWdYlz/pO.29Bz6MqaBmD.ofXzq, nickname=헤헤, roleSet=[USER]), 0], [Board(bno=261, title=[257]번의 답글 : 112, content=111, ref=256, likeHit=0, step=2, refOrder=5, parentNum=257), Member(mid=102, email=gpgp@naver.com, phone=null, password=$2a$10$.OsCygrJZ/Qdoe.Qy52WHO/MXsGWdYlz/pO.29Bz6MqaBmD.ofXzq, nickname=헤헤, roleSet=[USER]), 0], [Board(bno=258, title=[257]번의 답글 : 1 1 1 , content=111, ref=256, likeHit=0, step=2, refOrder=6, parentNum=257), Member(mid=102, email=gpgp@naver.com, phone=null, password=$2a$10$.OsCygrJZ/Qdoe.Qy52WHO/MXsGWdYlz/pO.29Bz6MqaBmD.ofXzq, nickname=헤헤, roleSet=[USER]), 1], [Board(bno=255, title=[251]번의 답글 : 222222222, content=2222, ref=251, likeHit=0, step=1, refOrder=1, parentNum=251), Member(mid=102, email=gpgp@naver.com, phone=null, password=$2a$10$.OsCygrJZ/Qdoe.Qy52WHO/MXsGWdYlz/pO.29Bz6MqaBmD.ofXzq, nickname=헤헤, roleSet=[USER]), 0], [Board(bno=253, title=[251]번의 답글 : ddsa, content=dsadsad, ref=251, likeHit=0, step=1, refOrder=2, parentNum=251), Member(mid=102, email=gpgp@naver.com, phone=null, password=$2a$10$.OsCygrJZ/Qdoe.Qy52WHO/MXsGWdYlz/pO.29Bz6MqaBmD.ofXzq, nickname=헤헤, roleSet=[USER]), 0], [Board(bno=252, title=[251]번의 답글 : ddd, content=dddd, ref=251, likeHit=0, step=1, refOrder=4, parentNum=251), Member(mid=45, email=user45@naver.com, phone=null, password=$2a$10$I0eDGL.0gUqlJFr2JRMbBem8BOM2SLMMG35FmLW4mnewq88WmeWbq, nickname=user45, roleSet=[USER]), 0]]
Hibernate: 
    select
        count(distinct board0_.bno) as col_0_0_ 
    from
        board board0_ 
    left outer join
        member member1_ 
            on (
                board0_.member_mid=member1_.mid
            ) 
    left outer join
        reply reply2_ 
            on (
                reply2_.board_bno=board0_.bno
            ) 
    where
        board0_.bno>? 
        and (
            board0_.title like ? escape '!'
        )
2022-10-21 15:59:30.869  INFO 21848 --- [    Test worker] c.e.r.r.s.SearchBoardRepositoryImpl      : Count : 128
2022-10-21 15:59:30.880  INFO 21848 --- [    Test worker] o.s.t.c.transaction.TransactionContext   : Rolled back transaction for test: [DefaultTestContext@1418a1bd testClass = BoardTests, testInstance = com.example.realboard.BoardTests@41dbf02b, testMethod = testSearch1@BoardTests, testException = [null], mergedContextConfiguration = [WebMergedContextConfiguration@628af295 testClass = BoardTests, locations = '{}', classes = '{class com.example.realboard.RealBoardApplication}', contextInitializerClasses = '[]', activeProfiles = '{}', propertySourceLocations = '{}', propertySourceProperties = '{org.springframework.boot.test.context.SpringBootTestContextBootstrapper=true}', contextCustomizers = set[org.springframework.boot.test.autoconfigure.actuate.metrics.MetricsExportContextCustomizerFactory$DisableMetricExportContextCustomizer@67ab1c47, org.springframework.boot.test.autoconfigure.properties.PropertyMappingContextCustomizer@0, org.springframework.boot.test.autoconfigure.web.servlet.WebDriverContextCustomizerFactory$Customizer@60d1a32f, org.springframework.boot.test.context.filter.ExcludeFilterContextCustomizer@40c80397, org.springframework.boot.test.json.DuplicateJsonObjectContextCustomizerFactory$DuplicateJsonObjectContextCustomizer@e077866, org.springframework.boot.test.mock.mockito.MockitoContextCustomizer@0, org.springframework.boot.test.web.client.TestRestTemplateContextCustomizer@4678a2eb, org.springframework.boot.test.context.SpringBootTestArgs@1, org.springframework.boot.test.context.SpringBootTestWebEnvironment@4b2c5e02], resourceBasePath = 'src/main/webapp', contextLoader = 'org.springframework.boot.test.context.SpringBootContextLoader', parent = [null]], attributes = map['org.springframework.test.context.web.ServletTestExecutionListener.activateListener' -> true, 'org.springframework.test.context.web.ServletTestExecutionListener.populatedRequestContextHolder' -> true, 'org.springframework.test.context.web.ServletTestExecutionListener.resetRequestContextHolder' -> true, 'org.springframework.test.context.event.ApplicationEventsTestExecutionListener.recordApplicationEvents' -> false]]
Hibernate: 
    select
        board0_.bno as bno1_0_,
        board0_.moddate as moddate2_0_,
        board0_.regdate as regdate3_0_,
        board0_.content as content4_0_,
        board0_.like_hit as like_hit5_0_,
        board0_.member_mid as member_11_0_,
        board0_.parent_num as parent_n6_0_,
        board0_.ref as ref7_0_,
        board0_.ref_order as ref_orde8_0_,
        board0_.step as step9_0_,
        board0_.title as title10_0_ 
    from
        board board0_ 
    order by
        board0_.ref desc,
        board0_.ref_order asc limit ?
Hibernate: 
    select
        count(board0_.bno) as col_0_0_ 
    from
        board board0_
Board(bno=269, title=dasads, content=dasd, ref=269, likeHit=1, step=0, refOrder=0, parentNum=0)
Board(bno=266, title=임시제목1, content=임시1, ref=266, likeHit=0, step=0, refOrder=0, parentNum=0)
Board(bno=256, title=1, content=111, ref=256, likeHit=0, step=0, refOrder=0, parentNum=0)
Board(bno=259, title=[256]번의 답글 : 1-2, content=12, ref=256, likeHit=1, step=1, refOrder=1, parentNum=256)
Board(bno=262, title=[259]번의 답글 : @dz, content=dzdz, ref=256, likeHit=1, step=2, refOrder=2, parentNum=259)
Board(bno=260, title=[259]번의 답글 : 121, content=222, ref=256, likeHit=0, step=2, refOrder=3, parentNum=259)
Board(bno=257, title=[256]번의 답글 : 1 1, content=111, ref=256, likeHit=0, step=1, refOrder=4, parentNum=256)
Board(bno=261, title=[257]번의 답글 : 112, content=111, ref=256, likeHit=0, step=2, refOrder=5, parentNum=257)
Board(bno=258, title=[257]번의 답글 : 1 1 1 , content=111, ref=256, likeHit=0, step=2, refOrder=6, parentNum=257)
Board(bno=263, title=[258]번의 답글 : fdsfdaf, content=sdafdsfsfa, ref=256, likeHit=0, step=3, refOrder=7, parentNum=258)
]]></system-out>
  <system-err><![CDATA[]]></system-err>
</testsuite>
