<?xml version="1.0" encoding="UTF-8"?>
<testsuite name="com.example.realboard.PasswordTests" tests="1" skipped="0" failures="0" errors="0" timestamp="2022-09-26T12:30:19" hostname="DESKTOP-1408KAA" time="0.125">
  <properties/>
  <testcase name="testEncode()" classname="com.example.realboard.PasswordTests" time="0.125"/>
  <system-out><![CDATA[2022-09-26 21:30:19.488  INFO 18172 --- [    Test worker] .b.t.c.SpringBootTestContextBootstrapper : Neither @ContextConfiguration nor @ContextHierarchy found for test class [com.example.realboard.PasswordTests], using SpringBootContextLoader
2022-09-26 21:30:19.489  INFO 18172 --- [    Test worker] o.s.t.c.support.AbstractContextLoader    : Could not detect default resource locations for test class [com.example.realboard.PasswordTests]: no resource found for suffixes {-context.xml, Context.groovy}.
2022-09-26 21:30:19.489  INFO 18172 --- [    Test worker] t.c.s.AnnotationConfigContextLoaderUtils : Could not detect default configuration classes for test class [com.example.realboard.PasswordTests]: PasswordTests does not declare any static, non-private, non-final, nested classes annotated with @Configuration.
2022-09-26 21:30:19.491  INFO 18172 --- [    Test worker] .b.t.c.SpringBootTestContextBootstrapper : Found @SpringBootConfiguration com.example.realboard.RealBoardApplication for test class com.example.realboard.PasswordTests
2022-09-26 21:30:19.493  INFO 18172 --- [    Test worker] .b.t.c.SpringBootTestContextBootstrapper : Loaded default TestExecutionListener class names from location [META-INF/spring.factories]: [org.springframework.boot.test.autoconfigure.restdocs.RestDocsTestExecutionListener, org.springframework.boot.test.autoconfigure.web.client.MockRestServiceServerResetTestExecutionListener, org.springframework.boot.test.autoconfigure.web.servlet.MockMvcPrintOnlyOnFailureTestExecutionListener, org.springframework.boot.test.autoconfigure.web.servlet.WebDriverTestExecutionListener, org.springframework.boot.test.autoconfigure.webservices.client.MockWebServiceServerTestExecutionListener, org.springframework.boot.test.mock.mockito.MockitoTestExecutionListener, org.springframework.boot.test.mock.mockito.ResetMocksTestExecutionListener, org.springframework.test.context.web.ServletTestExecutionListener, org.springframework.test.context.support.DirtiesContextBeforeModesTestExecutionListener, org.springframework.test.context.event.ApplicationEventsTestExecutionListener, org.springframework.test.context.support.DependencyInjectionTestExecutionListener, org.springframework.test.context.support.DirtiesContextTestExecutionListener, org.springframework.test.context.transaction.TransactionalTestExecutionListener, org.springframework.test.context.jdbc.SqlScriptsTestExecutionListener, org.springframework.test.context.event.EventPublishingTestExecutionListener]
2022-09-26 21:30:19.493  INFO 18172 --- [    Test worker] .b.t.c.SpringBootTestContextBootstrapper : Using TestExecutionListeners: [org.springframework.test.context.web.ServletTestExecutionListener@2fc51562, org.springframework.test.context.support.DirtiesContextBeforeModesTestExecutionListener@3f2f6818, org.springframework.test.context.event.ApplicationEventsTestExecutionListener@16021f6e, org.springframework.boot.test.mock.mockito.MockitoTestExecutionListener@642693c2, org.springframework.boot.test.autoconfigure.SpringBootDependencyInjectionTestExecutionListener@63cff421, org.springframework.test.context.support.DirtiesContextTestExecutionListener@27e42fe8, org.springframework.test.context.transaction.TransactionalTestExecutionListener@219bad15, org.springframework.test.context.jdbc.SqlScriptsTestExecutionListener@71739267, org.springframework.test.context.event.EventPublishingTestExecutionListener@6d810e94, org.springframework.boot.test.autoconfigure.restdocs.RestDocsTestExecutionListener@6b9ce7a3, org.springframework.boot.test.autoconfigure.web.client.MockRestServiceServerResetTestExecutionListener@17931cc0, org.springframework.boot.test.autoconfigure.web.servlet.MockMvcPrintOnlyOnFailureTestExecutionListener@7a9e44ff, org.springframework.boot.test.autoconfigure.web.servlet.WebDriverTestExecutionListener@1f8e1096, org.springframework.boot.test.autoconfigure.webservices.client.MockWebServiceServerTestExecutionListener@13a35d3b, org.springframework.boot.test.mock.mockito.ResetMocksTestExecutionListener@1cd93693]
en Pw : $2a$10$SdBATN8sHg2P1Qby804.z.udGgoRR3BjLBGrdkHluKWj.DwcWdglu
matchResult : true
]]></system-out>
  <system-err><![CDATA[]]></system-err>
</testsuite>
