<?xml version="1.0" encoding="UTF-8"?>
<testsuite name="com.example.realboard.ReplyTests" tests="3" skipped="0" failures="0" errors="0" timestamp="2022-10-04T08:22:24" hostname="DESKTOP-1408KAA" time="0.063">
  <properties/>
  <testcase name="testGetBoardReply()" classname="com.example.realboard.ReplyTests" time="0.044"/>
  <testcase name="testReplyGGet()" classname="com.example.realboard.ReplyTests" time="0.008"/>
  <testcase name="DeleteReplyByMember()" classname="com.example.realboard.ReplyTests" time="0.01"/>
  <system-out><![CDATA[2022-10-04 17:22:24.523  INFO 11588 --- [    Test worker] .b.t.c.SpringBootTestContextBootstrapper : Neither @ContextConfiguration nor @ContextHierarchy found for test class [com.example.realboard.ReplyTests], using SpringBootContextLoader
2022-10-04 17:22:24.524  INFO 11588 --- [    Test worker] o.s.t.c.support.AbstractContextLoader    : Could not detect default resource locations for test class [com.example.realboard.ReplyTests]: no resource found for suffixes {-context.xml, Context.groovy}.
2022-10-04 17:22:24.524  INFO 11588 --- [    Test worker] t.c.s.AnnotationConfigContextLoaderUtils : Could not detect default configuration classes for test class [com.example.realboard.ReplyTests]: ReplyTests does not declare any static, non-private, non-final, nested classes annotated with @Configuration.
2022-10-04 17:22:24.525  INFO 11588 --- [    Test worker] .b.t.c.SpringBootTestContextBootstrapper : Found @SpringBootConfiguration com.example.realboard.RealBoardApplication for test class com.example.realboard.ReplyTests
2022-10-04 17:22:24.527  INFO 11588 --- [    Test worker] .b.t.c.SpringBootTestContextBootstrapper : Loaded default TestExecutionListener class names from location [META-INF/spring.factories]: [org.springframework.security.test.context.support.WithSecurityContextTestExecutionListener, org.springframework.security.test.context.support.ReactorContextTestExecutionListener, org.springframework.boot.test.autoconfigure.restdocs.RestDocsTestExecutionListener, org.springframework.boot.test.autoconfigure.web.client.MockRestServiceServerResetTestExecutionListener, org.springframework.boot.test.autoconfigure.web.servlet.MockMvcPrintOnlyOnFailureTestExecutionListener, org.springframework.boot.test.autoconfigure.web.servlet.WebDriverTestExecutionListener, org.springframework.boot.test.autoconfigure.webservices.client.MockWebServiceServerTestExecutionListener, org.springframework.boot.test.mock.mockito.MockitoTestExecutionListener, org.springframework.boot.test.mock.mockito.ResetMocksTestExecutionListener, org.springframework.test.context.web.ServletTestExecutionListener, org.springframework.test.context.support.DirtiesContextBeforeModesTestExecutionListener, org.springframework.test.context.event.ApplicationEventsTestExecutionListener, org.springframework.test.context.support.DependencyInjectionTestExecutionListener, org.springframework.test.context.support.DirtiesContextTestExecutionListener, org.springframework.test.context.transaction.TransactionalTestExecutionListener, org.springframework.test.context.jdbc.SqlScriptsTestExecutionListener, org.springframework.test.context.event.EventPublishingTestExecutionListener]
2022-10-04 17:22:24.528  INFO 11588 --- [    Test worker] .b.t.c.SpringBootTestContextBootstrapper : Using TestExecutionListeners: [org.springframework.test.context.web.ServletTestExecutionListener@31048b3d, org.springframework.test.context.support.DirtiesContextBeforeModesTestExecutionListener@4d609cc3, org.springframework.test.context.event.ApplicationEventsTestExecutionListener@158e3a79, org.springframework.boot.test.mock.mockito.MockitoTestExecutionListener@7a7d25ca, org.springframework.boot.test.autoconfigure.SpringBootDependencyInjectionTestExecutionListener@6fb514db, org.springframework.test.context.support.DirtiesContextTestExecutionListener@267a0b6a, org.springframework.test.context.transaction.TransactionalTestExecutionListener@42c3b02e, org.springframework.test.context.jdbc.SqlScriptsTestExecutionListener@51039ec9, org.springframework.security.test.context.support.WithSecurityContextTestExecutionListener@16575bfe, org.springframework.test.context.event.EventPublishingTestExecutionListener@60003305, org.springframework.security.test.context.support.ReactorContextTestExecutionListener@3f1dadeb, org.springframework.boot.test.autoconfigure.restdocs.RestDocsTestExecutionListener@72259917, org.springframework.boot.test.autoconfigure.web.client.MockRestServiceServerResetTestExecutionListener@5e81b406, org.springframework.boot.test.autoconfigure.web.servlet.MockMvcPrintOnlyOnFailureTestExecutionListener@3ff83cc8, org.springframework.boot.test.autoconfigure.web.servlet.WebDriverTestExecutionListener@6dd8ac29, org.springframework.boot.test.autoconfigure.webservices.client.MockWebServiceServerTestExecutionListener@336b7da4, org.springframework.boot.test.mock.mockito.ResetMocksTestExecutionListener@6019ce4b]
Hibernate: 
    select
        reply0_.reply_num as reply_nu1_5_0_,
        member1_.mid as mid1_3_1_,
        reply0_.moddate as moddate2_5_0_,
        reply0_.regdate as regdate3_5_0_,
        reply0_.board_bno as board_bn5_5_0_,
        reply0_.member_mid as member_m6_5_0_,
        reply0_.text as text4_5_0_,
        member1_.moddate as moddate2_3_1_,
        member1_.regdate as regdate3_3_1_,
        member1_.email as email4_3_1_,
        member1_.nickname as nickname5_3_1_,
        member1_.password as password6_3_1_,
        member1_.phone as phone7_3_1_ 
    from
        reply reply0_ 
    left outer join
        member member1_ 
            on reply0_.member_mid=member1_.mid 
    where
        reply0_.board_bno=?
11
Reply..11
user11@naver.com
46
Reply..46
user4@naver.com
49
Reply..49
user21@naver.com
57
Reply..57
user10@naver.com
Hibernate: 
    select
        reply0_.reply_num as reply_nu1_5_0_,
        member1_.mid as mid1_3_1_,
        reply0_.moddate as moddate2_5_0_,
        reply0_.regdate as regdate3_5_0_,
        reply0_.board_bno as board_bn5_5_0_,
        reply0_.member_mid as member_m6_5_0_,
        reply0_.text as text4_5_0_,
        member1_.moddate as moddate2_3_1_,
        member1_.regdate as regdate3_3_1_,
        member1_.email as email4_3_1_,
        member1_.nickname as nickname5_3_1_,
        member1_.password as password6_3_1_,
        member1_.phone as phone7_3_1_ 
    from
        reply reply0_ 
    left outer join
        member member1_ 
            on reply0_.member_mid=member1_.mid 
    where
        reply0_.board_bno=?
2022-10-04 17:22:24.587  INFO 11588 --- [    Test worker] o.s.t.c.transaction.TransactionContext   : Began transaction (1) for test context [DefaultTestContext@58f27c37 testClass = ReplyTests, testInstance = com.example.realboard.ReplyTests@78ae34f7, testMethod = DeleteReplyByMember@ReplyTests, testException = [null], mergedContextConfiguration = [WebMergedContextConfiguration@3eb4fdd5 testClass = ReplyTests, locations = '{}', classes = '{class com.example.realboard.RealBoardApplication}', contextInitializerClasses = '[]', activeProfiles = '{}', propertySourceLocations = '{}', propertySourceProperties = '{org.springframework.boot.test.context.SpringBootTestContextBootstrapper=true}', contextCustomizers = set[org.springframework.boot.test.autoconfigure.actuate.metrics.MetricsExportContextCustomizerFactory$DisableMetricExportContextCustomizer@67ab1c47, org.springframework.boot.test.autoconfigure.properties.PropertyMappingContextCustomizer@0, org.springframework.boot.test.autoconfigure.web.servlet.WebDriverContextCustomizerFactory$Customizer@60d1a32f, org.springframework.boot.test.context.filter.ExcludeFilterContextCustomizer@40c80397, org.springframework.boot.test.json.DuplicateJsonObjectContextCustomizerFactory$DuplicateJsonObjectContextCustomizer@e077866, org.springframework.boot.test.mock.mockito.MockitoContextCustomizer@0, org.springframework.boot.test.web.client.TestRestTemplateContextCustomizer@4678a2eb, org.springframework.boot.test.context.SpringBootTestArgs@1, org.springframework.boot.test.context.SpringBootTestWebEnvironment@4b2c5e02], resourceBasePath = 'src/main/webapp', contextLoader = 'org.springframework.boot.test.context.SpringBootContextLoader', parent = [null]], attributes = map['org.springframework.test.context.web.ServletTestExecutionListener.activateListener' -> true, 'org.springframework.test.context.web.ServletTestExecutionListener.populatedRequestContextHolder' -> true, 'org.springframework.test.context.web.ServletTestExecutionListener.resetRequestContextHolder' -> true, 'org.springframework.test.context.event.ApplicationEventsTestExecutionListener.recordApplicationEvents' -> false]]; transaction manager [org.springframework.orm.jpa.JpaTransactionManager@66978c15]; rollback [false]
Hibernate: 
    delete 
    from
        reply 
    where
        member_mid=?
2022-10-04 17:22:24.595  INFO 11588 --- [    Test worker] o.s.t.c.transaction.TransactionContext   : Committed transaction for test: [DefaultTestContext@58f27c37 testClass = ReplyTests, testInstance = com.example.realboard.ReplyTests@78ae34f7, testMethod = DeleteReplyByMember@ReplyTests, testException = [null], mergedContextConfiguration = [WebMergedContextConfiguration@3eb4fdd5 testClass = ReplyTests, locations = '{}', classes = '{class com.example.realboard.RealBoardApplication}', contextInitializerClasses = '[]', activeProfiles = '{}', propertySourceLocations = '{}', propertySourceProperties = '{org.springframework.boot.test.context.SpringBootTestContextBootstrapper=true}', contextCustomizers = set[org.springframework.boot.test.autoconfigure.actuate.metrics.MetricsExportContextCustomizerFactory$DisableMetricExportContextCustomizer@67ab1c47, org.springframework.boot.test.autoconfigure.properties.PropertyMappingContextCustomizer@0, org.springframework.boot.test.autoconfigure.web.servlet.WebDriverContextCustomizerFactory$Customizer@60d1a32f, org.springframework.boot.test.context.filter.ExcludeFilterContextCustomizer@40c80397, org.springframework.boot.test.json.DuplicateJsonObjectContextCustomizerFactory$DuplicateJsonObjectContextCustomizer@e077866, org.springframework.boot.test.mock.mockito.MockitoContextCustomizer@0, org.springframework.boot.test.web.client.TestRestTemplateContextCustomizer@4678a2eb, org.springframework.boot.test.context.SpringBootTestArgs@1, org.springframework.boot.test.context.SpringBootTestWebEnvironment@4b2c5e02], resourceBasePath = 'src/main/webapp', contextLoader = 'org.springframework.boot.test.context.SpringBootContextLoader', parent = [null]], attributes = map['org.springframework.test.context.web.ServletTestExecutionListener.activateListener' -> true, 'org.springframework.test.context.web.ServletTestExecutionListener.populatedRequestContextHolder' -> true, 'org.springframework.test.context.web.ServletTestExecutionListener.resetRequestContextHolder' -> true, 'org.springframework.test.context.event.ApplicationEventsTestExecutionListener.recordApplicationEvents' -> false]]
]]></system-out>
  <system-err><![CDATA[]]></system-err>
</testsuite>
