<?xml version="1.0" encoding="UTF-8"?>
<testsuite name="com.example.realboard.RealBoardApplicationTests" tests="1" skipped="0" failures="0" errors="0" timestamp="2022-09-26T12:30:19" hostname="DESKTOP-1408KAA" time="0.003">
  <properties/>
  <testcase name="contextLoads()" classname="com.example.realboard.RealBoardApplicationTests" time="0.003"/>
  <system-out><![CDATA[2022-09-26 21:30:19.622  INFO 18172 --- [    Test worker] .b.t.c.SpringBootTestContextBootstrapper : Neither @ContextConfiguration nor @ContextHierarchy found for test class [com.example.realboard.RealBoardApplicationTests], using SpringBootContextLoader
2022-09-26 21:30:19.623  INFO 18172 --- [    Test worker] o.s.t.c.support.AbstractContextLoader    : Could not detect default resource locations for test class [com.example.realboard.RealBoardApplicationTests]: no resource found for suffixes {-context.xml, Context.groovy}.
2022-09-26 21:30:19.623  INFO 18172 --- [    Test worker] t.c.s.AnnotationConfigContextLoaderUtils : Could not detect default configuration classes for test class [com.example.realboard.RealBoardApplicationTests]: RealBoardApplicationTests does not declare any static, non-private, non-final, nested classes annotated with @Configuration.
2022-09-26 21:30:19.624  INFO 18172 --- [    Test worker] .b.t.c.SpringBootTestContextBootstrapper : Found @SpringBootConfiguration com.example.realboard.RealBoardApplication for test class com.example.realboard.RealBoardApplicationTests
2022-09-26 21:30:19.626  INFO 18172 --- [    Test worker] .b.t.c.SpringBootTestContextBootstrapper : Loaded default TestExecutionListener class names from location [META-INF/spring.factories]: [org.springframework.boot.test.autoconfigure.restdocs.RestDocsTestExecutionListener, org.springframework.boot.test.autoconfigure.web.client.MockRestServiceServerResetTestExecutionListener, org.springframework.boot.test.autoconfigure.web.servlet.MockMvcPrintOnlyOnFailureTestExecutionListener, org.springframework.boot.test.autoconfigure.web.servlet.WebDriverTestExecutionListener, org.springframework.boot.test.autoconfigure.webservices.client.MockWebServiceServerTestExecutionListener, org.springframework.boot.test.mock.mockito.MockitoTestExecutionListener, org.springframework.boot.test.mock.mockito.ResetMocksTestExecutionListener, org.springframework.test.context.web.ServletTestExecutionListener, org.springframework.test.context.support.DirtiesContextBeforeModesTestExecutionListener, org.springframework.test.context.event.ApplicationEventsTestExecutionListener, org.springframework.test.context.support.DependencyInjectionTestExecutionListener, org.springframework.test.context.support.DirtiesContextTestExecutionListener, org.springframework.test.context.transaction.TransactionalTestExecutionListener, org.springframework.test.context.jdbc.SqlScriptsTestExecutionListener, org.springframework.test.context.event.EventPublishingTestExecutionListener]
2022-09-26 21:30:19.626  INFO 18172 --- [    Test worker] .b.t.c.SpringBootTestContextBootstrapper : Using TestExecutionListeners: [org.springframework.test.context.web.ServletTestExecutionListener@76d4e1af, org.springframework.test.context.support.DirtiesContextBeforeModesTestExecutionListener@483f19c0, org.springframework.test.context.event.ApplicationEventsTestExecutionListener@f111e97, org.springframework.boot.test.mock.mockito.MockitoTestExecutionListener@35d44cd3, org.springframework.boot.test.autoconfigure.SpringBootDependencyInjectionTestExecutionListener@64dc0a5f, org.springframework.test.context.support.DirtiesContextTestExecutionListener@549dfe1d, org.springframework.test.context.transaction.TransactionalTestExecutionListener@537fb7bf, org.springframework.test.context.jdbc.SqlScriptsTestExecutionListener@445adbd7, org.springframework.test.context.event.EventPublishingTestExecutionListener@40d0bff1, org.springframework.boot.test.autoconfigure.restdocs.RestDocsTestExecutionListener@7b06dce0, org.springframework.boot.test.autoconfigure.web.client.MockRestServiceServerResetTestExecutionListener@556a5e70, org.springframework.boot.test.autoconfigure.web.servlet.MockMvcPrintOnlyOnFailureTestExecutionListener@47fca369, org.springframework.boot.test.autoconfigure.web.servlet.WebDriverTestExecutionListener@296a350, org.springframework.boot.test.autoconfigure.webservices.client.MockWebServiceServerTestExecutionListener@4f3a8e3e, org.springframework.boot.test.mock.mockito.ResetMocksTestExecutionListener@4824d077]
]]></system-out>
  <system-err><![CDATA[]]></system-err>
</testsuite>
