<?xml version="1.0" encoding="UTF-8"?>
<testsuite name="com.example.realboard.MemberTests" tests="1" skipped="0" failures="0" errors="0" timestamp="2022-10-21T06:59:30" hostname="DESKTOP-1408KAA" time="0.731">
  <properties/>
  <testcase name="insertMember()" classname="com.example.realboard.MemberTests" time="0.731"/>
  <system-out><![CDATA[2022-10-21 15:59:30.910  INFO 21848 --- [    Test worker] .b.t.c.SpringBootTestContextBootstrapper : Neither @ContextConfiguration nor @ContextHierarchy found for test class [com.example.realboard.MemberTests], using SpringBootContextLoader
2022-10-21 15:59:30.912  INFO 21848 --- [    Test worker] o.s.t.c.support.AbstractContextLoader    : Could not detect default resource locations for test class [com.example.realboard.MemberTests]: no resource found for suffixes {-context.xml, Context.groovy}.
2022-10-21 15:59:30.912  INFO 21848 --- [    Test worker] t.c.s.AnnotationConfigContextLoaderUtils : Could not detect default configuration classes for test class [com.example.realboard.MemberTests]: MemberTests does not declare any static, non-private, non-final, nested classes annotated with @Configuration.
2022-10-21 15:59:30.915  INFO 21848 --- [    Test worker] .b.t.c.SpringBootTestContextBootstrapper : Found @SpringBootConfiguration com.example.realboard.RealBoardApplication for test class com.example.realboard.MemberTests
2022-10-21 15:59:30.918  INFO 21848 --- [    Test worker] .b.t.c.SpringBootTestContextBootstrapper : Loaded default TestExecutionListener class names from location [META-INF/spring.factories]: [org.springframework.security.test.context.support.WithSecurityContextTestExecutionListener, org.springframework.security.test.context.support.ReactorContextTestExecutionListener, org.springframework.boot.test.autoconfigure.restdocs.RestDocsTestExecutionListener, org.springframework.boot.test.autoconfigure.web.client.MockRestServiceServerResetTestExecutionListener, org.springframework.boot.test.autoconfigure.web.servlet.MockMvcPrintOnlyOnFailureTestExecutionListener, org.springframework.boot.test.autoconfigure.web.servlet.WebDriverTestExecutionListener, org.springframework.boot.test.autoconfigure.webservices.client.MockWebServiceServerTestExecutionListener, org.springframework.boot.test.mock.mockito.MockitoTestExecutionListener, org.springframework.boot.test.mock.mockito.ResetMocksTestExecutionListener, org.springframework.test.context.web.ServletTestExecutionListener, org.springframework.test.context.support.DirtiesContextBeforeModesTestExecutionListener, org.springframework.test.context.event.ApplicationEventsTestExecutionListener, org.springframework.test.context.support.DependencyInjectionTestExecutionListener, org.springframework.test.context.support.DirtiesContextTestExecutionListener, org.springframework.test.context.transaction.TransactionalTestExecutionListener, org.springframework.test.context.jdbc.SqlScriptsTestExecutionListener, org.springframework.test.context.event.EventPublishingTestExecutionListener]
2022-10-21 15:59:30.920  INFO 21848 --- [    Test worker] .b.t.c.SpringBootTestContextBootstrapper : Using TestExecutionListeners: [org.springframework.test.context.web.ServletTestExecutionListener@76ac3ad0, org.springframework.test.context.support.DirtiesContextBeforeModesTestExecutionListener@1e6be9f0, org.springframework.test.context.event.ApplicationEventsTestExecutionListener@4ff5711b, org.springframework.boot.test.mock.mockito.MockitoTestExecutionListener@608f79a8, org.springframework.boot.test.autoconfigure.SpringBootDependencyInjectionTestExecutionListener@77e2a5d3, org.springframework.test.context.support.DirtiesContextTestExecutionListener@3687f6b6, org.springframework.test.context.transaction.TransactionalTestExecutionListener@521e34d4, org.springframework.test.context.jdbc.SqlScriptsTestExecutionListener@49c74506, org.springframework.security.test.context.support.WithSecurityContextTestExecutionListener@2be9add0, org.springframework.test.context.event.EventPublishingTestExecutionListener@2252dc5d, org.springframework.security.test.context.support.ReactorContextTestExecutionListener@149e457, org.springframework.boot.test.autoconfigure.restdocs.RestDocsTestExecutionListener@72557e0d, org.springframework.boot.test.autoconfigure.web.client.MockRestServiceServerResetTestExecutionListener@14b4caba, org.springframework.boot.test.autoconfigure.web.servlet.MockMvcPrintOnlyOnFailureTestExecutionListener@20305c45, org.springframework.boot.test.autoconfigure.web.servlet.WebDriverTestExecutionListener@6e157f48, org.springframework.boot.test.autoconfigure.webservices.client.MockWebServiceServerTestExecutionListener@37e9d191, org.springframework.boot.test.mock.mockito.ResetMocksTestExecutionListener@53a3ccc]
Hibernate: 
    insert 
    into
        member
        (moddate, regdate, email, nickname, password, phone) 
    values
        (?, ?, ?, ?, ?, ?)
Hibernate: 
    insert 
    into
        member_role_set
        (member_mid, role_set) 
    values
        (?, ?)
Hibernate: 
    insert 
    into
        member
        (moddate, regdate, email, nickname, password, phone) 
    values
        (?, ?, ?, ?, ?, ?)
Hibernate: 
    insert 
    into
        member_role_set
        (member_mid, role_set) 
    values
        (?, ?)
Hibernate: 
    insert 
    into
        member
        (moddate, regdate, email, nickname, password, phone) 
    values
        (?, ?, ?, ?, ?, ?)
Hibernate: 
    insert 
    into
        member_role_set
        (member_mid, role_set) 
    values
        (?, ?)
Hibernate: 
    insert 
    into
        member
        (moddate, regdate, email, nickname, password, phone) 
    values
        (?, ?, ?, ?, ?, ?)
Hibernate: 
    insert 
    into
        member_role_set
        (member_mid, role_set) 
    values
        (?, ?)
Hibernate: 
    insert 
    into
        member
        (moddate, regdate, email, nickname, password, phone) 
    values
        (?, ?, ?, ?, ?, ?)
Hibernate: 
    insert 
    into
        member_role_set
        (member_mid, role_set) 
    values
        (?, ?)
Hibernate: 
    insert 
    into
        member
        (moddate, regdate, email, nickname, password, phone) 
    values
        (?, ?, ?, ?, ?, ?)
Hibernate: 
    insert 
    into
        member_role_set
        (member_mid, role_set) 
    values
        (?, ?)
Hibernate: 
    insert 
    into
        member
        (moddate, regdate, email, nickname, password, phone) 
    values
        (?, ?, ?, ?, ?, ?)
Hibernate: 
    insert 
    into
        member_role_set
        (member_mid, role_set) 
    values
        (?, ?)
Hibernate: 
    insert 
    into
        member
        (moddate, regdate, email, nickname, password, phone) 
    values
        (?, ?, ?, ?, ?, ?)
Hibernate: 
    insert 
    into
        member_role_set
        (member_mid, role_set) 
    values
        (?, ?)
Hibernate: 
    insert 
    into
        member
        (moddate, regdate, email, nickname, password, phone) 
    values
        (?, ?, ?, ?, ?, ?)
Hibernate: 
    insert 
    into
        member_role_set
        (member_mid, role_set) 
    values
        (?, ?)
Hibernate: 
    insert 
    into
        member
        (moddate, regdate, email, nickname, password, phone) 
    values
        (?, ?, ?, ?, ?, ?)
Hibernate: 
    insert 
    into
        member_role_set
        (member_mid, role_set) 
    values
        (?, ?)
]]></system-out>
  <system-err><![CDATA[]]></system-err>
</testsuite>
