<?xml version="1.0" encoding="UTF-8"?>
<testsuite name="com.example.realboard.PasswordTests" tests="1" skipped="0" failures="0" errors="0" timestamp="2022-10-04T08:22:24" hostname="DESKTOP-1408KAA" time="0.125">
  <properties/>
  <testcase name="testEncode()" classname="com.example.realboard.PasswordTests" time="0.125"/>
  <system-out><![CDATA[2022-10-04 17:22:24.373  INFO 11588 --- [    Test worker] .b.t.c.SpringBootTestContextBootstrapper : Neither @ContextConfiguration nor @ContextHierarchy found for test class [com.example.realboard.PasswordTests], using SpringBootContextLoader
2022-10-04 17:22:24.375  INFO 11588 --- [    Test worker] o.s.t.c.support.AbstractContextLoader    : Could not detect default resource locations for test class [com.example.realboard.PasswordTests]: no resource found for suffixes {-context.xml, Context.groovy}.
2022-10-04 17:22:24.375  INFO 11588 --- [    Test worker] t.c.s.AnnotationConfigContextLoaderUtils : Could not detect default configuration classes for test class [com.example.realboard.PasswordTests]: PasswordTests does not declare any static, non-private, non-final, nested classes annotated with @Configuration.
2022-10-04 17:22:24.376  INFO 11588 --- [    Test worker] .b.t.c.SpringBootTestContextBootstrapper : Found @SpringBootConfiguration com.example.realboard.RealBoardApplication for test class com.example.realboard.PasswordTests
2022-10-04 17:22:24.378  INFO 11588 --- [    Test worker] .b.t.c.SpringBootTestContextBootstrapper : Loaded default TestExecutionListener class names from location [META-INF/spring.factories]: [org.springframework.security.test.context.support.WithSecurityContextTestExecutionListener, org.springframework.security.test.context.support.ReactorContextTestExecutionListener, org.springframework.boot.test.autoconfigure.restdocs.RestDocsTestExecutionListener, org.springframework.boot.test.autoconfigure.web.client.MockRestServiceServerResetTestExecutionListener, org.springframework.boot.test.autoconfigure.web.servlet.MockMvcPrintOnlyOnFailureTestExecutionListener, org.springframework.boot.test.autoconfigure.web.servlet.WebDriverTestExecutionListener, org.springframework.boot.test.autoconfigure.webservices.client.MockWebServiceServerTestExecutionListener, org.springframework.boot.test.mock.mockito.MockitoTestExecutionListener, org.springframework.boot.test.mock.mockito.ResetMocksTestExecutionListener, org.springframework.test.context.web.ServletTestExecutionListener, org.springframework.test.context.support.DirtiesContextBeforeModesTestExecutionListener, org.springframework.test.context.event.ApplicationEventsTestExecutionListener, org.springframework.test.context.support.DependencyInjectionTestExecutionListener, org.springframework.test.context.support.DirtiesContextTestExecutionListener, org.springframework.test.context.transaction.TransactionalTestExecutionListener, org.springframework.test.context.jdbc.SqlScriptsTestExecutionListener, org.springframework.test.context.event.EventPublishingTestExecutionListener]
2022-10-04 17:22:24.380  INFO 11588 --- [    Test worker] .b.t.c.SpringBootTestContextBootstrapper : Using TestExecutionListeners: [org.springframework.test.context.web.ServletTestExecutionListener@47897093, org.springframework.test.context.support.DirtiesContextBeforeModesTestExecutionListener@33e19be9, org.springframework.test.context.event.ApplicationEventsTestExecutionListener@6ed2aa8a, org.springframework.boot.test.mock.mockito.MockitoTestExecutionListener@53ec379a, org.springframework.boot.test.autoconfigure.SpringBootDependencyInjectionTestExecutionListener@5f6dd89c, org.springframework.test.context.support.DirtiesContextTestExecutionListener@606c2e4b, org.springframework.test.context.transaction.TransactionalTestExecutionListener@1b914e36, org.springframework.test.context.jdbc.SqlScriptsTestExecutionListener@29f3ea39, org.springframework.security.test.context.support.WithSecurityContextTestExecutionListener@18eb6ea3, org.springframework.test.context.event.EventPublishingTestExecutionListener@19740583, org.springframework.security.test.context.support.ReactorContextTestExecutionListener@8850865, org.springframework.boot.test.autoconfigure.restdocs.RestDocsTestExecutionListener@3e11996e, org.springframework.boot.test.autoconfigure.web.client.MockRestServiceServerResetTestExecutionListener@7dcc6679, org.springframework.boot.test.autoconfigure.web.servlet.MockMvcPrintOnlyOnFailureTestExecutionListener@44ad3c5e, org.springframework.boot.test.autoconfigure.web.servlet.WebDriverTestExecutionListener@64cbc28e, org.springframework.boot.test.autoconfigure.webservices.client.MockWebServiceServerTestExecutionListener@5623fd90, org.springframework.boot.test.mock.mockito.ResetMocksTestExecutionListener@4842a683]
en Pw : $2a$10$XNvxQ3xfarMTqyKEq/FhCe5nuO2h6xr4UF/j62JezkCxGcq3Hsk8G
matchResult : true
]]></system-out>
  <system-err><![CDATA[]]></system-err>
</testsuite>
