<?xml version="1.0" encoding="UTF-8"?>
<testsuite name="com.example.realboard.RealBoardApplicationTests" tests="1" skipped="0" failures="0" errors="0" timestamp="2022-10-21T06:59:31" hostname="DESKTOP-1408KAA" time="0.003">
  <properties/>
  <testcase name="contextLoads()" classname="com.example.realboard.RealBoardApplicationTests" time="0.003"/>
  <system-out><![CDATA[2022-10-21 15:59:31.801  INFO 21848 --- [    Test worker] .b.t.c.SpringBootTestContextBootstrapper : Neither @ContextConfiguration nor @ContextHierarchy found for test class [com.example.realboard.RealBoardApplicationTests], using SpringBootContextLoader
2022-10-21 15:59:31.802  INFO 21848 --- [    Test worker] o.s.t.c.support.AbstractContextLoader    : Could not detect default resource locations for test class [com.example.realboard.RealBoardApplicationTests]: no resource found for suffixes {-context.xml, Context.groovy}.
2022-10-21 15:59:31.802  INFO 21848 --- [    Test worker] t.c.s.AnnotationConfigContextLoaderUtils : Could not detect default configuration classes for test class [com.example.realboard.RealBoardApplicationTests]: RealBoardApplicationTests does not declare any static, non-private, non-final, nested classes annotated with @Configuration.
2022-10-21 15:59:31.803  INFO 21848 --- [    Test worker] .b.t.c.SpringBootTestContextBootstrapper : Found @SpringBootConfiguration com.example.realboard.RealBoardApplication for test class com.example.realboard.RealBoardApplicationTests
2022-10-21 15:59:31.805  INFO 21848 --- [    Test worker] .b.t.c.SpringBootTestContextBootstrapper : Loaded default TestExecutionListener class names from location [META-INF/spring.factories]: [org.springframework.security.test.context.support.WithSecurityContextTestExecutionListener, org.springframework.security.test.context.support.ReactorContextTestExecutionListener, org.springframework.boot.test.autoconfigure.restdocs.RestDocsTestExecutionListener, org.springframework.boot.test.autoconfigure.web.client.MockRestServiceServerResetTestExecutionListener, org.springframework.boot.test.autoconfigure.web.servlet.MockMvcPrintOnlyOnFailureTestExecutionListener, org.springframework.boot.test.autoconfigure.web.servlet.WebDriverTestExecutionListener, org.springframework.boot.test.autoconfigure.webservices.client.MockWebServiceServerTestExecutionListener, org.springframework.boot.test.mock.mockito.MockitoTestExecutionListener, org.springframework.boot.test.mock.mockito.ResetMocksTestExecutionListener, org.springframework.test.context.web.ServletTestExecutionListener, org.springframework.test.context.support.DirtiesContextBeforeModesTestExecutionListener, org.springframework.test.context.event.ApplicationEventsTestExecutionListener, org.springframework.test.context.support.DependencyInjectionTestExecutionListener, org.springframework.test.context.support.DirtiesContextTestExecutionListener, org.springframework.test.context.transaction.TransactionalTestExecutionListener, org.springframework.test.context.jdbc.SqlScriptsTestExecutionListener, org.springframework.test.context.event.EventPublishingTestExecutionListener]
2022-10-21 15:59:31.806  INFO 21848 --- [    Test worker] .b.t.c.SpringBootTestContextBootstrapper : Using TestExecutionListeners: [org.springframework.test.context.web.ServletTestExecutionListener@67c020c8, org.springframework.test.context.support.DirtiesContextBeforeModesTestExecutionListener@3d3e9163, org.springframework.test.context.event.ApplicationEventsTestExecutionListener@66464f27, org.springframework.boot.test.mock.mockito.MockitoTestExecutionListener@75392381, org.springframework.boot.test.autoconfigure.SpringBootDependencyInjectionTestExecutionListener@13198b8e, org.springframework.test.context.support.DirtiesContextTestExecutionListener@5ae5a507, org.springframework.test.context.transaction.TransactionalTestExecutionListener@e8ef60b, org.springframework.test.context.jdbc.SqlScriptsTestExecutionListener@3217e970, org.springframework.security.test.context.support.WithSecurityContextTestExecutionListener@6d0d5147, org.springframework.test.context.event.EventPublishingTestExecutionListener@1a370c7c, org.springframework.security.test.context.support.ReactorContextTestExecutionListener@63f08f9f, org.springframework.boot.test.autoconfigure.restdocs.RestDocsTestExecutionListener@6e21b6f8, org.springframework.boot.test.autoconfigure.web.client.MockRestServiceServerResetTestExecutionListener@69a14512, org.springframework.boot.test.autoconfigure.web.servlet.MockMvcPrintOnlyOnFailureTestExecutionListener@4bd7e0b6, org.springframework.boot.test.autoconfigure.web.servlet.WebDriverTestExecutionListener@2cbc0224, org.springframework.boot.test.autoconfigure.webservices.client.MockWebServiceServerTestExecutionListener@4fc9e73d, org.springframework.boot.test.mock.mockito.ResetMocksTestExecutionListener@2ca3a203]
]]></system-out>
  <system-err><![CDATA[]]></system-err>
</testsuite>
