<?xml version="1.0" encoding="UTF-8"?>
<testsuite name="com.example.realboard.MemberTests" tests="1" skipped="0" failures="0" errors="0" timestamp="2022-10-20T06:21:19" hostname="DESKTOP-1408KAA" time="0.718">
  <properties/>
  <testcase name="insertMember()" classname="com.example.realboard.MemberTests" time="0.718"/>
  <system-out><![CDATA[2022-10-20 15:21:19.158  INFO 11728 --- [    Test worker] .b.t.c.SpringBootTestContextBootstrapper : Neither @ContextConfiguration nor @ContextHierarchy found for test class [com.example.realboard.MemberTests], using SpringBootContextLoader
2022-10-20 15:21:19.160  INFO 11728 --- [    Test worker] o.s.t.c.support.AbstractContextLoader    : Could not detect default resource locations for test class [com.example.realboard.MemberTests]: no resource found for suffixes {-context.xml, Context.groovy}.
2022-10-20 15:21:19.160  INFO 11728 --- [    Test worker] t.c.s.AnnotationConfigContextLoaderUtils : Could not detect default configuration classes for test class [com.example.realboard.MemberTests]: MemberTests does not declare any static, non-private, non-final, nested classes annotated with @Configuration.
2022-10-20 15:21:19.162  INFO 11728 --- [    Test worker] .b.t.c.SpringBootTestContextBootstrapper : Found @SpringBootConfiguration com.example.realboard.RealBoardApplication for test class com.example.realboard.MemberTests
2022-10-20 15:21:19.165  INFO 11728 --- [    Test worker] .b.t.c.SpringBootTestContextBootstrapper : Loaded default TestExecutionListener class names from location [META-INF/spring.factories]: [org.springframework.security.test.context.support.WithSecurityContextTestExecutionListener, org.springframework.security.test.context.support.ReactorContextTestExecutionListener, org.springframework.boot.test.autoconfigure.restdocs.RestDocsTestExecutionListener, org.springframework.boot.test.autoconfigure.web.client.MockRestServiceServerResetTestExecutionListener, org.springframework.boot.test.autoconfigure.web.servlet.MockMvcPrintOnlyOnFailureTestExecutionListener, org.springframework.boot.test.autoconfigure.web.servlet.WebDriverTestExecutionListener, org.springframework.boot.test.autoconfigure.webservices.client.MockWebServiceServerTestExecutionListener, org.springframework.boot.test.mock.mockito.MockitoTestExecutionListener, org.springframework.boot.test.mock.mockito.ResetMocksTestExecutionListener, org.springframework.test.context.web.ServletTestExecutionListener, org.springframework.test.context.support.DirtiesContextBeforeModesTestExecutionListener, org.springframework.test.context.event.ApplicationEventsTestExecutionListener, org.springframework.test.context.support.DependencyInjectionTestExecutionListener, org.springframework.test.context.support.DirtiesContextTestExecutionListener, org.springframework.test.context.transaction.TransactionalTestExecutionListener, org.springframework.test.context.jdbc.SqlScriptsTestExecutionListener, org.springframework.test.context.event.EventPublishingTestExecutionListener]
2022-10-20 15:21:19.167  INFO 11728 --- [    Test worker] .b.t.c.SpringBootTestContextBootstrapper : Using TestExecutionListeners: [org.springframework.test.context.web.ServletTestExecutionListener@37e9d191, org.springframework.test.context.support.DirtiesContextBeforeModesTestExecutionListener@53a3ccc, org.springframework.test.context.event.ApplicationEventsTestExecutionListener@27ca8a5a, org.springframework.boot.test.mock.mockito.MockitoTestExecutionListener@62604ed4, org.springframework.boot.test.autoconfigure.SpringBootDependencyInjectionTestExecutionListener@1bfc6e50, org.springframework.test.context.support.DirtiesContextTestExecutionListener@4f74edbf, org.springframework.test.context.transaction.TransactionalTestExecutionListener@3c1f2651, org.springframework.test.context.jdbc.SqlScriptsTestExecutionListener@5ce9c9e8, org.springframework.security.test.context.support.WithSecurityContextTestExecutionListener@249fa2cb, org.springframework.test.context.event.EventPublishingTestExecutionListener@4c6ebaf2, org.springframework.security.test.context.support.ReactorContextTestExecutionListener@9063080, org.springframework.boot.test.autoconfigure.restdocs.RestDocsTestExecutionListener@1bb21ec1, org.springframework.boot.test.autoconfigure.web.client.MockRestServiceServerResetTestExecutionListener@42626e86, org.springframework.boot.test.autoconfigure.web.servlet.MockMvcPrintOnlyOnFailureTestExecutionListener@7be2f512, org.springframework.boot.test.autoconfigure.web.servlet.WebDriverTestExecutionListener@435848de, org.springframework.boot.test.autoconfigure.webservices.client.MockWebServiceServerTestExecutionListener@48971262, org.springframework.boot.test.mock.mockito.ResetMocksTestExecutionListener@19d043a8]
Hibernate: 
    insert 
    into
        member
        (moddate, regdate, email, nickname, password, phone) 
    values
        (?, ?, ?, ?, ?, ?)
Hibernate: 
    insert 
    into
        member_role_set
        (member_mid, role_set) 
    values
        (?, ?)
Hibernate: 
    insert 
    into
        member
        (moddate, regdate, email, nickname, password, phone) 
    values
        (?, ?, ?, ?, ?, ?)
Hibernate: 
    insert 
    into
        member_role_set
        (member_mid, role_set) 
    values
        (?, ?)
Hibernate: 
    insert 
    into
        member
        (moddate, regdate, email, nickname, password, phone) 
    values
        (?, ?, ?, ?, ?, ?)
Hibernate: 
    insert 
    into
        member_role_set
        (member_mid, role_set) 
    values
        (?, ?)
Hibernate: 
    insert 
    into
        member
        (moddate, regdate, email, nickname, password, phone) 
    values
        (?, ?, ?, ?, ?, ?)
Hibernate: 
    insert 
    into
        member_role_set
        (member_mid, role_set) 
    values
        (?, ?)
Hibernate: 
    insert 
    into
        member
        (moddate, regdate, email, nickname, password, phone) 
    values
        (?, ?, ?, ?, ?, ?)
Hibernate: 
    insert 
    into
        member_role_set
        (member_mid, role_set) 
    values
        (?, ?)
Hibernate: 
    insert 
    into
        member
        (moddate, regdate, email, nickname, password, phone) 
    values
        (?, ?, ?, ?, ?, ?)
Hibernate: 
    insert 
    into
        member_role_set
        (member_mid, role_set) 
    values
        (?, ?)
Hibernate: 
    insert 
    into
        member
        (moddate, regdate, email, nickname, password, phone) 
    values
        (?, ?, ?, ?, ?, ?)
Hibernate: 
    insert 
    into
        member_role_set
        (member_mid, role_set) 
    values
        (?, ?)
Hibernate: 
    insert 
    into
        member
        (moddate, regdate, email, nickname, password, phone) 
    values
        (?, ?, ?, ?, ?, ?)
Hibernate: 
    insert 
    into
        member_role_set
        (member_mid, role_set) 
    values
        (?, ?)
Hibernate: 
    insert 
    into
        member
        (moddate, regdate, email, nickname, password, phone) 
    values
        (?, ?, ?, ?, ?, ?)
Hibernate: 
    insert 
    into
        member_role_set
        (member_mid, role_set) 
    values
        (?, ?)
Hibernate: 
    insert 
    into
        member
        (moddate, regdate, email, nickname, password, phone) 
    values
        (?, ?, ?, ?, ?, ?)
Hibernate: 
    insert 
    into
        member_role_set
        (member_mid, role_set) 
    values
        (?, ?)
]]></system-out>
  <system-err><![CDATA[]]></system-err>
</testsuite>
