<?xml version="1.0" encoding="UTF-8"?>
<testsuite name="com.example.realboard.BoardLikeTests" tests="2" skipped="0" failures="0" errors="0" timestamp="2022-09-26T12:30:19" hostname="DESKTOP-1408KAA" time="0.017">
  <properties/>
  <testcase name="testFindBno()" classname="com.example.realboard.BoardLikeTests" time="0.01"/>
  <testcase name="testLikeCheck()" classname="com.example.realboard.BoardLikeTests" time="0.006"/>
  <system-out><![CDATA[2022-09-26 21:30:19.462  INFO 18172 --- [    Test worker] .b.t.c.SpringBootTestContextBootstrapper : Neither @ContextConfiguration nor @ContextHierarchy found for test class [com.example.realboard.BoardLikeTests], using SpringBootContextLoader
2022-09-26 21:30:19.464  INFO 18172 --- [    Test worker] o.s.t.c.support.AbstractContextLoader    : Could not detect default resource locations for test class [com.example.realboard.BoardLikeTests]: no resource found for suffixes {-context.xml, Context.groovy}.
2022-09-26 21:30:19.464  INFO 18172 --- [    Test worker] t.c.s.AnnotationConfigContextLoaderUtils : Could not detect default configuration classes for test class [com.example.realboard.BoardLikeTests]: BoardLikeTests does not declare any static, non-private, non-final, nested classes annotated with @Configuration.
2022-09-26 21:30:19.465  INFO 18172 --- [    Test worker] .b.t.c.SpringBootTestContextBootstrapper : Found @SpringBootConfiguration com.example.realboard.RealBoardApplication for test class com.example.realboard.BoardLikeTests
2022-09-26 21:30:19.467  INFO 18172 --- [    Test worker] .b.t.c.SpringBootTestContextBootstrapper : Loaded default TestExecutionListener class names from location [META-INF/spring.factories]: [org.springframework.boot.test.autoconfigure.restdocs.RestDocsTestExecutionListener, org.springframework.boot.test.autoconfigure.web.client.MockRestServiceServerResetTestExecutionListener, org.springframework.boot.test.autoconfigure.web.servlet.MockMvcPrintOnlyOnFailureTestExecutionListener, org.springframework.boot.test.autoconfigure.web.servlet.WebDriverTestExecutionListener, org.springframework.boot.test.autoconfigure.webservices.client.MockWebServiceServerTestExecutionListener, org.springframework.boot.test.mock.mockito.MockitoTestExecutionListener, org.springframework.boot.test.mock.mockito.ResetMocksTestExecutionListener, org.springframework.test.context.web.ServletTestExecutionListener, org.springframework.test.context.support.DirtiesContextBeforeModesTestExecutionListener, org.springframework.test.context.event.ApplicationEventsTestExecutionListener, org.springframework.test.context.support.DependencyInjectionTestExecutionListener, org.springframework.test.context.support.DirtiesContextTestExecutionListener, org.springframework.test.context.transaction.TransactionalTestExecutionListener, org.springframework.test.context.jdbc.SqlScriptsTestExecutionListener, org.springframework.test.context.event.EventPublishingTestExecutionListener]
2022-09-26 21:30:19.467  INFO 18172 --- [    Test worker] .b.t.c.SpringBootTestContextBootstrapper : Using TestExecutionListeners: [org.springframework.test.context.web.ServletTestExecutionListener@3e2a8fc, org.springframework.test.context.support.DirtiesContextBeforeModesTestExecutionListener@6921ce3f, org.springframework.test.context.event.ApplicationEventsTestExecutionListener@4f1072ee, org.springframework.boot.test.mock.mockito.MockitoTestExecutionListener@7b0a69b9, org.springframework.boot.test.autoconfigure.SpringBootDependencyInjectionTestExecutionListener@6d398b6c, org.springframework.test.context.support.DirtiesContextTestExecutionListener@a8ef0c2, org.springframework.test.context.transaction.TransactionalTestExecutionListener@46c5747f, org.springframework.test.context.jdbc.SqlScriptsTestExecutionListener@6eaa8abf, org.springframework.test.context.event.EventPublishingTestExecutionListener@4fe91eed, org.springframework.boot.test.autoconfigure.restdocs.RestDocsTestExecutionListener@329cef32, org.springframework.boot.test.autoconfigure.web.client.MockRestServiceServerResetTestExecutionListener@5f171392, org.springframework.boot.test.autoconfigure.web.servlet.MockMvcPrintOnlyOnFailureTestExecutionListener@655295bd, org.springframework.boot.test.autoconfigure.web.servlet.WebDriverTestExecutionListener@62cbe18c, org.springframework.boot.test.autoconfigure.webservices.client.MockWebServiceServerTestExecutionListener@377b7798, org.springframework.boot.test.mock.mockito.ResetMocksTestExecutionListener@50177966]
2022-09-26 21:30:19.471  INFO 18172 --- [    Test worker] o.s.t.c.transaction.TransactionContext   : Began transaction (1) for test context [DefaultTestContext@1bff4b1f testClass = BoardLikeTests, testInstance = com.example.realboard.BoardLikeTests@75051d05, testMethod = testFindBno@BoardLikeTests, testException = [null], mergedContextConfiguration = [WebMergedContextConfiguration@747b8f5c testClass = BoardLikeTests, locations = '{}', classes = '{class com.example.realboard.RealBoardApplication}', contextInitializerClasses = '[]', activeProfiles = '{}', propertySourceLocations = '{}', propertySourceProperties = '{org.springframework.boot.test.context.SpringBootTestContextBootstrapper=true}', contextCustomizers = set[org.springframework.boot.test.autoconfigure.actuate.metrics.MetricsExportContextCustomizerFactory$DisableMetricExportContextCustomizer@65b3a85a, org.springframework.boot.test.autoconfigure.properties.PropertyMappingContextCustomizer@0, org.springframework.boot.test.autoconfigure.web.servlet.WebDriverContextCustomizerFactory$Customizer@4c4d27c8, org.springframework.boot.test.context.filter.ExcludeFilterContextCustomizer@129b4fe2, org.springframework.boot.test.json.DuplicateJsonObjectContextCustomizerFactory$DuplicateJsonObjectContextCustomizer@10993713, org.springframework.boot.test.mock.mockito.MockitoContextCustomizer@0, org.springframework.boot.test.web.client.TestRestTemplateContextCustomizer@a8e6492, org.springframework.boot.test.context.SpringBootTestArgs@1, org.springframework.boot.test.context.SpringBootTestWebEnvironment@452e19ca], resourceBasePath = 'src/main/webapp', contextLoader = 'org.springframework.boot.test.context.SpringBootContextLoader', parent = [null]], attributes = map['org.springframework.test.context.web.ServletTestExecutionListener.activateListener' -> true, 'org.springframework.test.context.web.ServletTestExecutionListener.populatedRequestContextHolder' -> true, 'org.springframework.test.context.web.ServletTestExecutionListener.resetRequestContextHolder' -> true, 'org.springframework.test.context.event.ApplicationEventsTestExecutionListener.recordApplicationEvents' -> false]]; transaction manager [org.springframework.orm.jpa.JpaTransactionManager@1ed0128b]; rollback [false]
Hibernate: 
    select
        boardlike0_.board_bno as col_0_0_ 
    from
        board_like boardlike0_ 
    where
        boardlike0_.member_mid=?
[]
2022-09-26 21:30:19.479  INFO 18172 --- [    Test worker] o.s.t.c.transaction.TransactionContext   : Committed transaction for test: [DefaultTestContext@1bff4b1f testClass = BoardLikeTests, testInstance = com.example.realboard.BoardLikeTests@75051d05, testMethod = testFindBno@BoardLikeTests, testException = [null], mergedContextConfiguration = [WebMergedContextConfiguration@747b8f5c testClass = BoardLikeTests, locations = '{}', classes = '{class com.example.realboard.RealBoardApplication}', contextInitializerClasses = '[]', activeProfiles = '{}', propertySourceLocations = '{}', propertySourceProperties = '{org.springframework.boot.test.context.SpringBootTestContextBootstrapper=true}', contextCustomizers = set[org.springframework.boot.test.autoconfigure.actuate.metrics.MetricsExportContextCustomizerFactory$DisableMetricExportContextCustomizer@65b3a85a, org.springframework.boot.test.autoconfigure.properties.PropertyMappingContextCustomizer@0, org.springframework.boot.test.autoconfigure.web.servlet.WebDriverContextCustomizerFactory$Customizer@4c4d27c8, org.springframework.boot.test.context.filter.ExcludeFilterContextCustomizer@129b4fe2, org.springframework.boot.test.json.DuplicateJsonObjectContextCustomizerFactory$DuplicateJsonObjectContextCustomizer@10993713, org.springframework.boot.test.mock.mockito.MockitoContextCustomizer@0, org.springframework.boot.test.web.client.TestRestTemplateContextCustomizer@a8e6492, org.springframework.boot.test.context.SpringBootTestArgs@1, org.springframework.boot.test.context.SpringBootTestWebEnvironment@452e19ca], resourceBasePath = 'src/main/webapp', contextLoader = 'org.springframework.boot.test.context.SpringBootContextLoader', parent = [null]], attributes = map['org.springframework.test.context.web.ServletTestExecutionListener.activateListener' -> true, 'org.springframework.test.context.web.ServletTestExecutionListener.populatedRequestContextHolder' -> true, 'org.springframework.test.context.web.ServletTestExecutionListener.resetRequestContextHolder' -> true, 'org.springframework.test.context.event.ApplicationEventsTestExecutionListener.recordApplicationEvents' -> false]]
Hibernate: 
    select
        count(boardlike0_.like_num) as col_0_0_ 
    from
        board_like boardlike0_ 
    where
        boardlike0_.board_bno=? 
        and boardlike0_.member_mid=?
0
]]></system-out>
  <system-err><![CDATA[]]></system-err>
</testsuite>
