<?xml version="1.0" encoding="UTF-8"?>
<testsuite name="com.example.realboard.imageTests" tests="1" skipped="0" failures="0" errors="0" timestamp="2022-10-21T06:59:31" hostname="DESKTOP-1408KAA" time="0.008">
  <properties/>
  <testcase name="testDelete()" classname="com.example.realboard.imageTests" time="0.008"/>
  <system-out><![CDATA[2022-10-21 15:59:31.889  INFO 21848 --- [    Test worker] .b.t.c.SpringBootTestContextBootstrapper : Neither @ContextConfiguration nor @ContextHierarchy found for test class [com.example.realboard.imageTests], using SpringBootContextLoader
2022-10-21 15:59:31.890  INFO 21848 --- [    Test worker] o.s.t.c.support.AbstractContextLoader    : Could not detect default resource locations for test class [com.example.realboard.imageTests]: no resource found for suffixes {-context.xml, Context.groovy}.
2022-10-21 15:59:31.890  INFO 21848 --- [    Test worker] t.c.s.AnnotationConfigContextLoaderUtils : Could not detect default configuration classes for test class [com.example.realboard.imageTests]: imageTests does not declare any static, non-private, non-final, nested classes annotated with @Configuration.
2022-10-21 15:59:31.891  INFO 21848 --- [    Test worker] .b.t.c.SpringBootTestContextBootstrapper : Found @SpringBootConfiguration com.example.realboard.RealBoardApplication for test class com.example.realboard.imageTests
2022-10-21 15:59:31.894  INFO 21848 --- [    Test worker] .b.t.c.SpringBootTestContextBootstrapper : Loaded default TestExecutionListener class names from location [META-INF/spring.factories]: [org.springframework.security.test.context.support.WithSecurityContextTestExecutionListener, org.springframework.security.test.context.support.ReactorContextTestExecutionListener, org.springframework.boot.test.autoconfigure.restdocs.RestDocsTestExecutionListener, org.springframework.boot.test.autoconfigure.web.client.MockRestServiceServerResetTestExecutionListener, org.springframework.boot.test.autoconfigure.web.servlet.MockMvcPrintOnlyOnFailureTestExecutionListener, org.springframework.boot.test.autoconfigure.web.servlet.WebDriverTestExecutionListener, org.springframework.boot.test.autoconfigure.webservices.client.MockWebServiceServerTestExecutionListener, org.springframework.boot.test.mock.mockito.MockitoTestExecutionListener, org.springframework.boot.test.mock.mockito.ResetMocksTestExecutionListener, org.springframework.test.context.web.ServletTestExecutionListener, org.springframework.test.context.support.DirtiesContextBeforeModesTestExecutionListener, org.springframework.test.context.event.ApplicationEventsTestExecutionListener, org.springframework.test.context.support.DependencyInjectionTestExecutionListener, org.springframework.test.context.support.DirtiesContextTestExecutionListener, org.springframework.test.context.transaction.TransactionalTestExecutionListener, org.springframework.test.context.jdbc.SqlScriptsTestExecutionListener, org.springframework.test.context.event.EventPublishingTestExecutionListener]
2022-10-21 15:59:31.896  INFO 21848 --- [    Test worker] .b.t.c.SpringBootTestContextBootstrapper : Using TestExecutionListeners: [org.springframework.test.context.web.ServletTestExecutionListener@3de507af, org.springframework.test.context.support.DirtiesContextBeforeModesTestExecutionListener@349504d5, org.springframework.test.context.event.ApplicationEventsTestExecutionListener@347770a9, org.springframework.boot.test.mock.mockito.MockitoTestExecutionListener@218e28d9, org.springframework.boot.test.autoconfigure.SpringBootDependencyInjectionTestExecutionListener@34438b38, org.springframework.test.context.support.DirtiesContextTestExecutionListener@28ec92c9, org.springframework.test.context.transaction.TransactionalTestExecutionListener@27115d45, org.springframework.test.context.jdbc.SqlScriptsTestExecutionListener@7789719e, org.springframework.security.test.context.support.WithSecurityContextTestExecutionListener@5fbb2e1c, org.springframework.test.context.event.EventPublishingTestExecutionListener@138d85f8, org.springframework.security.test.context.support.ReactorContextTestExecutionListener@3edb09b9, org.springframework.boot.test.autoconfigure.restdocs.RestDocsTestExecutionListener@2e29a7d, org.springframework.boot.test.autoconfigure.web.client.MockRestServiceServerResetTestExecutionListener@4af8ff3, org.springframework.boot.test.autoconfigure.web.servlet.MockMvcPrintOnlyOnFailureTestExecutionListener@7b7268db, org.springframework.boot.test.autoconfigure.web.servlet.WebDriverTestExecutionListener@1d8230cd, org.springframework.boot.test.autoconfigure.webservices.client.MockWebServiceServerTestExecutionListener@b257072, org.springframework.boot.test.mock.mockito.ResetMocksTestExecutionListener@738da6f2]
2022-10-21 15:59:31.900  INFO 21848 --- [    Test worker] o.s.t.c.transaction.TransactionContext   : Began transaction (1) for test context [DefaultTestContext@17596317 testClass = imageTests, testInstance = com.example.realboard.imageTests@375f276e, testMethod = testDelete@imageTests, testException = [null], mergedContextConfiguration = [WebMergedContextConfiguration@297bbd41 testClass = imageTests, locations = '{}', classes = '{class com.example.realboard.RealBoardApplication}', contextInitializerClasses = '[]', activeProfiles = '{}', propertySourceLocations = '{}', propertySourceProperties = '{org.springframework.boot.test.context.SpringBootTestContextBootstrapper=true}', contextCustomizers = set[org.springframework.boot.test.autoconfigure.actuate.metrics.MetricsExportContextCustomizerFactory$DisableMetricExportContextCustomizer@67ab1c47, org.springframework.boot.test.autoconfigure.properties.PropertyMappingContextCustomizer@0, org.springframework.boot.test.autoconfigure.web.servlet.WebDriverContextCustomizerFactory$Customizer@60d1a32f, org.springframework.boot.test.context.filter.ExcludeFilterContextCustomizer@40c80397, org.springframework.boot.test.json.DuplicateJsonObjectContextCustomizerFactory$DuplicateJsonObjectContextCustomizer@e077866, org.springframework.boot.test.mock.mockito.MockitoContextCustomizer@0, org.springframework.boot.test.web.client.TestRestTemplateContextCustomizer@4678a2eb, org.springframework.boot.test.context.SpringBootTestArgs@1, org.springframework.boot.test.context.SpringBootTestWebEnvironment@4b2c5e02], resourceBasePath = 'src/main/webapp', contextLoader = 'org.springframework.boot.test.context.SpringBootContextLoader', parent = [null]], attributes = map['org.springframework.test.context.web.ServletTestExecutionListener.activateListener' -> true, 'org.springframework.test.context.web.ServletTestExecutionListener.populatedRequestContextHolder' -> true, 'org.springframework.test.context.web.ServletTestExecutionListener.resetRequestContextHolder' -> true, 'org.springframework.test.context.event.ApplicationEventsTestExecutionListener.recordApplicationEvents' -> false]]; transaction manager [org.springframework.orm.jpa.JpaTransactionManager@18edbed9]; rollback [false]
Hibernate: 
    delete 
    from
        board_image 
    where
        board_bno=?
2022-10-21 15:59:31.906  INFO 21848 --- [    Test worker] o.s.t.c.transaction.TransactionContext   : Committed transaction for test: [DefaultTestContext@17596317 testClass = imageTests, testInstance = com.example.realboard.imageTests@375f276e, testMethod = testDelete@imageTests, testException = [null], mergedContextConfiguration = [WebMergedContextConfiguration@297bbd41 testClass = imageTests, locations = '{}', classes = '{class com.example.realboard.RealBoardApplication}', contextInitializerClasses = '[]', activeProfiles = '{}', propertySourceLocations = '{}', propertySourceProperties = '{org.springframework.boot.test.context.SpringBootTestContextBootstrapper=true}', contextCustomizers = set[org.springframework.boot.test.autoconfigure.actuate.metrics.MetricsExportContextCustomizerFactory$DisableMetricExportContextCustomizer@67ab1c47, org.springframework.boot.test.autoconfigure.properties.PropertyMappingContextCustomizer@0, org.springframework.boot.test.autoconfigure.web.servlet.WebDriverContextCustomizerFactory$Customizer@60d1a32f, org.springframework.boot.test.context.filter.ExcludeFilterContextCustomizer@40c80397, org.springframework.boot.test.json.DuplicateJsonObjectContextCustomizerFactory$DuplicateJsonObjectContextCustomizer@e077866, org.springframework.boot.test.mock.mockito.MockitoContextCustomizer@0, org.springframework.boot.test.web.client.TestRestTemplateContextCustomizer@4678a2eb, org.springframework.boot.test.context.SpringBootTestArgs@1, org.springframework.boot.test.context.SpringBootTestWebEnvironment@4b2c5e02], resourceBasePath = 'src/main/webapp', contextLoader = 'org.springframework.boot.test.context.SpringBootContextLoader', parent = [null]], attributes = map['org.springframework.test.context.web.ServletTestExecutionListener.activateListener' -> true, 'org.springframework.test.context.web.ServletTestExecutionListener.populatedRequestContextHolder' -> true, 'org.springframework.test.context.web.ServletTestExecutionListener.resetRequestContextHolder' -> true, 'org.springframework.test.context.event.ApplicationEventsTestExecutionListener.recordApplicationEvents' -> false]]
]]></system-out>
  <system-err><![CDATA[]]></system-err>
</testsuite>
