<?xml version="1.0" encoding="UTF-8"?>
<testsuite name="com.example.realboard.imageTests" tests="1" skipped="0" failures="0" errors="0" timestamp="2022-10-04T08:22:24" hostname="DESKTOP-1408KAA" time="0.008">
  <properties/>
  <testcase name="testDelete()" classname="com.example.realboard.imageTests" time="0.008"/>
  <system-out><![CDATA[2022-10-04 17:22:24.598  INFO 11588 --- [    Test worker] .b.t.c.SpringBootTestContextBootstrapper : Neither @ContextConfiguration nor @ContextHierarchy found for test class [com.example.realboard.imageTests], using SpringBootContextLoader
2022-10-04 17:22:24.599  INFO 11588 --- [    Test worker] o.s.t.c.support.AbstractContextLoader    : Could not detect default resource locations for test class [com.example.realboard.imageTests]: no resource found for suffixes {-context.xml, Context.groovy}.
2022-10-04 17:22:24.599  INFO 11588 --- [    Test worker] t.c.s.AnnotationConfigContextLoaderUtils : Could not detect default configuration classes for test class [com.example.realboard.imageTests]: imageTests does not declare any static, non-private, non-final, nested classes annotated with @Configuration.
2022-10-04 17:22:24.601  INFO 11588 --- [    Test worker] .b.t.c.SpringBootTestContextBootstrapper : Found @SpringBootConfiguration com.example.realboard.RealBoardApplication for test class com.example.realboard.imageTests
2022-10-04 17:22:24.603  INFO 11588 --- [    Test worker] .b.t.c.SpringBootTestContextBootstrapper : Loaded default TestExecutionListener class names from location [META-INF/spring.factories]: [org.springframework.security.test.context.support.WithSecurityContextTestExecutionListener, org.springframework.security.test.context.support.ReactorContextTestExecutionListener, org.springframework.boot.test.autoconfigure.restdocs.RestDocsTestExecutionListener, org.springframework.boot.test.autoconfigure.web.client.MockRestServiceServerResetTestExecutionListener, org.springframework.boot.test.autoconfigure.web.servlet.MockMvcPrintOnlyOnFailureTestExecutionListener, org.springframework.boot.test.autoconfigure.web.servlet.WebDriverTestExecutionListener, org.springframework.boot.test.autoconfigure.webservices.client.MockWebServiceServerTestExecutionListener, org.springframework.boot.test.mock.mockito.MockitoTestExecutionListener, org.springframework.boot.test.mock.mockito.ResetMocksTestExecutionListener, org.springframework.test.context.web.ServletTestExecutionListener, org.springframework.test.context.support.DirtiesContextBeforeModesTestExecutionListener, org.springframework.test.context.event.ApplicationEventsTestExecutionListener, org.springframework.test.context.support.DependencyInjectionTestExecutionListener, org.springframework.test.context.support.DirtiesContextTestExecutionListener, org.springframework.test.context.transaction.TransactionalTestExecutionListener, org.springframework.test.context.jdbc.SqlScriptsTestExecutionListener, org.springframework.test.context.event.EventPublishingTestExecutionListener]
2022-10-04 17:22:24.604  INFO 11588 --- [    Test worker] .b.t.c.SpringBootTestContextBootstrapper : Using TestExecutionListeners: [org.springframework.test.context.web.ServletTestExecutionListener@63236968, org.springframework.test.context.support.DirtiesContextBeforeModesTestExecutionListener@4f6f7a86, org.springframework.test.context.event.ApplicationEventsTestExecutionListener@6ed78a5e, org.springframework.boot.test.mock.mockito.MockitoTestExecutionListener@4e0a5606, org.springframework.boot.test.autoconfigure.SpringBootDependencyInjectionTestExecutionListener@361a1e86, org.springframework.test.context.support.DirtiesContextTestExecutionListener@295e989, org.springframework.test.context.transaction.TransactionalTestExecutionListener@504216ff, org.springframework.test.context.jdbc.SqlScriptsTestExecutionListener@4ce4c097, org.springframework.security.test.context.support.WithSecurityContextTestExecutionListener@2aec09a3, org.springframework.test.context.event.EventPublishingTestExecutionListener@79864d6, org.springframework.security.test.context.support.ReactorContextTestExecutionListener@472d7f34, org.springframework.boot.test.autoconfigure.restdocs.RestDocsTestExecutionListener@2da7ef3e, org.springframework.boot.test.autoconfigure.web.client.MockRestServiceServerResetTestExecutionListener@67cc5a38, org.springframework.boot.test.autoconfigure.web.servlet.MockMvcPrintOnlyOnFailureTestExecutionListener@23b62cc3, org.springframework.boot.test.autoconfigure.web.servlet.WebDriverTestExecutionListener@f4e235e, org.springframework.boot.test.autoconfigure.webservices.client.MockWebServiceServerTestExecutionListener@1d82e396, org.springframework.boot.test.mock.mockito.ResetMocksTestExecutionListener@181a6784]
2022-10-04 17:22:24.607  INFO 11588 --- [    Test worker] o.s.t.c.transaction.TransactionContext   : Began transaction (1) for test context [DefaultTestContext@747216b6 testClass = imageTests, testInstance = com.example.realboard.imageTests@7ee6d5fd, testMethod = testDelete@imageTests, testException = [null], mergedContextConfiguration = [WebMergedContextConfiguration@358bbbe2 testClass = imageTests, locations = '{}', classes = '{class com.example.realboard.RealBoardApplication}', contextInitializerClasses = '[]', activeProfiles = '{}', propertySourceLocations = '{}', propertySourceProperties = '{org.springframework.boot.test.context.SpringBootTestContextBootstrapper=true}', contextCustomizers = set[org.springframework.boot.test.autoconfigure.actuate.metrics.MetricsExportContextCustomizerFactory$DisableMetricExportContextCustomizer@67ab1c47, org.springframework.boot.test.autoconfigure.properties.PropertyMappingContextCustomizer@0, org.springframework.boot.test.autoconfigure.web.servlet.WebDriverContextCustomizerFactory$Customizer@60d1a32f, org.springframework.boot.test.context.filter.ExcludeFilterContextCustomizer@40c80397, org.springframework.boot.test.json.DuplicateJsonObjectContextCustomizerFactory$DuplicateJsonObjectContextCustomizer@e077866, org.springframework.boot.test.mock.mockito.MockitoContextCustomizer@0, org.springframework.boot.test.web.client.TestRestTemplateContextCustomizer@4678a2eb, org.springframework.boot.test.context.SpringBootTestArgs@1, org.springframework.boot.test.context.SpringBootTestWebEnvironment@4b2c5e02], resourceBasePath = 'src/main/webapp', contextLoader = 'org.springframework.boot.test.context.SpringBootContextLoader', parent = [null]], attributes = map['org.springframework.test.context.web.ServletTestExecutionListener.activateListener' -> true, 'org.springframework.test.context.web.ServletTestExecutionListener.populatedRequestContextHolder' -> true, 'org.springframework.test.context.web.ServletTestExecutionListener.resetRequestContextHolder' -> true, 'org.springframework.test.context.event.ApplicationEventsTestExecutionListener.recordApplicationEvents' -> false]]; transaction manager [org.springframework.orm.jpa.JpaTransactionManager@66978c15]; rollback [false]
Hibernate: 
    delete 
    from
        board_image 
    where
        board_bno=?
2022-10-04 17:22:24.614  INFO 11588 --- [    Test worker] o.s.t.c.transaction.TransactionContext   : Committed transaction for test: [DefaultTestContext@747216b6 testClass = imageTests, testInstance = com.example.realboard.imageTests@7ee6d5fd, testMethod = testDelete@imageTests, testException = [null], mergedContextConfiguration = [WebMergedContextConfiguration@358bbbe2 testClass = imageTests, locations = '{}', classes = '{class com.example.realboard.RealBoardApplication}', contextInitializerClasses = '[]', activeProfiles = '{}', propertySourceLocations = '{}', propertySourceProperties = '{org.springframework.boot.test.context.SpringBootTestContextBootstrapper=true}', contextCustomizers = set[org.springframework.boot.test.autoconfigure.actuate.metrics.MetricsExportContextCustomizerFactory$DisableMetricExportContextCustomizer@67ab1c47, org.springframework.boot.test.autoconfigure.properties.PropertyMappingContextCustomizer@0, org.springframework.boot.test.autoconfigure.web.servlet.WebDriverContextCustomizerFactory$Customizer@60d1a32f, org.springframework.boot.test.context.filter.ExcludeFilterContextCustomizer@40c80397, org.springframework.boot.test.json.DuplicateJsonObjectContextCustomizerFactory$DuplicateJsonObjectContextCustomizer@e077866, org.springframework.boot.test.mock.mockito.MockitoContextCustomizer@0, org.springframework.boot.test.web.client.TestRestTemplateContextCustomizer@4678a2eb, org.springframework.boot.test.context.SpringBootTestArgs@1, org.springframework.boot.test.context.SpringBootTestWebEnvironment@4b2c5e02], resourceBasePath = 'src/main/webapp', contextLoader = 'org.springframework.boot.test.context.SpringBootContextLoader', parent = [null]], attributes = map['org.springframework.test.context.web.ServletTestExecutionListener.activateListener' -> true, 'org.springframework.test.context.web.ServletTestExecutionListener.populatedRequestContextHolder' -> true, 'org.springframework.test.context.web.ServletTestExecutionListener.resetRequestContextHolder' -> true, 'org.springframework.test.context.event.ApplicationEventsTestExecutionListener.recordApplicationEvents' -> false]]
]]></system-out>
  <system-err><![CDATA[]]></system-err>
</testsuite>
