<?xml version="1.0" encoding="UTF-8"?>
<testsuite name="com.example.realboard.BoardLikeTests" tests="2" skipped="0" failures="0" errors="0" timestamp="2022-10-20T06:21:18" hostname="DESKTOP-1408KAA" time="0.26">
  <properties/>
  <testcase name="testFindBno()" classname="com.example.realboard.BoardLikeTests" time="0.231"/>
  <testcase name="testLikeCheck()" classname="com.example.realboard.BoardLikeTests" time="0.028"/>
  <system-out><![CDATA[15:21:08.952 [Test worker] DEBUG org.springframework.test.context.BootstrapUtils - Instantiating CacheAwareContextLoaderDelegate from class [org.springframework.test.context.cache.DefaultCacheAwareContextLoaderDelegate]
15:21:08.974 [Test worker] DEBUG org.springframework.test.context.BootstrapUtils - Instantiating BootstrapContext using constructor [public org.springframework.test.context.support.DefaultBootstrapContext(java.lang.Class,org.springframework.test.context.CacheAwareContextLoaderDelegate)]
15:21:09.024 [Test worker] DEBUG org.springframework.test.context.BootstrapUtils - Instantiating TestContextBootstrapper for test class [com.example.realboard.BoardLikeTests] from class [org.springframework.boot.test.context.SpringBootTestContextBootstrapper]
15:21:09.039 [Test worker] INFO org.springframework.boot.test.context.SpringBootTestContextBootstrapper - Neither @ContextConfiguration nor @ContextHierarchy found for test class [com.example.realboard.BoardLikeTests], using SpringBootContextLoader
15:21:09.046 [Test worker] DEBUG org.springframework.test.context.support.AbstractContextLoader - Did not detect default resource location for test class [com.example.realboard.BoardLikeTests]: class path resource [com/example/realboard/BoardLikeTests-context.xml] does not exist
15:21:09.047 [Test worker] DEBUG org.springframework.test.context.support.AbstractContextLoader - Did not detect default resource location for test class [com.example.realboard.BoardLikeTests]: class path resource [com/example/realboard/BoardLikeTestsContext.groovy] does not exist
15:21:09.047 [Test worker] INFO org.springframework.test.context.support.AbstractContextLoader - Could not detect default resource locations for test class [com.example.realboard.BoardLikeTests]: no resource found for suffixes {-context.xml, Context.groovy}.
15:21:09.048 [Test worker] INFO org.springframework.test.context.support.AnnotationConfigContextLoaderUtils - Could not detect default configuration classes for test class [com.example.realboard.BoardLikeTests]: BoardLikeTests does not declare any static, non-private, non-final, nested classes annotated with @Configuration.
15:21:09.112 [Test worker] DEBUG org.springframework.test.context.support.ActiveProfilesUtils - Could not find an 'annotation declaring class' for annotation type [org.springframework.test.context.ActiveProfiles] and class [com.example.realboard.BoardLikeTests]
15:21:09.215 [Test worker] DEBUG org.springframework.context.annotation.ClassPathScanningCandidateComponentProvider - Identified candidate component class: file [C:\Users\tlsrh\IdeaProjects\realBoard\build\classes\java\main\com\example\realboard\RealBoardApplication.class]
15:21:09.217 [Test worker] INFO org.springframework.boot.test.context.SpringBootTestContextBootstrapper - Found @SpringBootConfiguration com.example.realboard.RealBoardApplication for test class com.example.realboard.BoardLikeTests
15:21:09.367 [Test worker] DEBUG org.springframework.boot.test.context.SpringBootTestContextBootstrapper - @TestExecutionListeners is not present for class [com.example.realboard.BoardLikeTests]: using defaults.
15:21:09.368 [Test worker] INFO org.springframework.boot.test.context.SpringBootTestContextBootstrapper - Loaded default TestExecutionListener class names from location [META-INF/spring.factories]: [org.springframework.security.test.context.support.WithSecurityContextTestExecutionListener, org.springframework.security.test.context.support.ReactorContextTestExecutionListener, org.springframework.boot.test.autoconfigure.restdocs.RestDocsTestExecutionListener, org.springframework.boot.test.autoconfigure.web.client.MockRestServiceServerResetTestExecutionListener, org.springframework.boot.test.autoconfigure.web.servlet.MockMvcPrintOnlyOnFailureTestExecutionListener, org.springframework.boot.test.autoconfigure.web.servlet.WebDriverTestExecutionListener, org.springframework.boot.test.autoconfigure.webservices.client.MockWebServiceServerTestExecutionListener, org.springframework.boot.test.mock.mockito.MockitoTestExecutionListener, org.springframework.boot.test.mock.mockito.ResetMocksTestExecutionListener, org.springframework.test.context.web.ServletTestExecutionListener, org.springframework.test.context.support.DirtiesContextBeforeModesTestExecutionListener, org.springframework.test.context.event.ApplicationEventsTestExecutionListener, org.springframework.test.context.support.DependencyInjectionTestExecutionListener, org.springframework.test.context.support.DirtiesContextTestExecutionListener, org.springframework.test.context.transaction.TransactionalTestExecutionListener, org.springframework.test.context.jdbc.SqlScriptsTestExecutionListener, org.springframework.test.context.event.EventPublishingTestExecutionListener]
15:21:09.396 [Test worker] INFO org.springframework.boot.test.context.SpringBootTestContextBootstrapper - Using TestExecutionListeners: [org.springframework.test.context.web.ServletTestExecutionListener@5cbf9e9f, org.springframework.test.context.support.DirtiesContextBeforeModesTestExecutionListener@18e8473e, org.springframework.test.context.event.ApplicationEventsTestExecutionListener@5a2f016d, org.springframework.boot.test.mock.mockito.MockitoTestExecutionListener@1a38ba58, org.springframework.boot.test.autoconfigure.SpringBootDependencyInjectionTestExecutionListener@3ad394e6, org.springframework.test.context.support.DirtiesContextTestExecutionListener@6058e535, org.springframework.test.context.transaction.TransactionalTestExecutionListener@42deb43a, org.springframework.test.context.jdbc.SqlScriptsTestExecutionListener@1deb2c43, org.springframework.security.test.context.support.WithSecurityContextTestExecutionListener@3bb9efbc, org.springframework.test.context.event.EventPublishingTestExecutionListener@1cefc4b3, org.springframework.security.test.context.support.ReactorContextTestExecutionListener@2b27cc70, org.springframework.boot.test.autoconfigure.restdocs.RestDocsTestExecutionListener@6f6a7463, org.springframework.boot.test.autoconfigure.web.client.MockRestServiceServerResetTestExecutionListener@1bdaa23d, org.springframework.boot.test.autoconfigure.web.servlet.MockMvcPrintOnlyOnFailureTestExecutionListener@79f227a9, org.springframework.boot.test.autoconfigure.web.servlet.WebDriverTestExecutionListener@6ca320ab, org.springframework.boot.test.autoconfigure.webservices.client.MockWebServiceServerTestExecutionListener@50d68830, org.springframework.boot.test.mock.mockito.ResetMocksTestExecutionListener@1e53135d]
15:21:09.401 [Test worker] DEBUG org.springframework.test.context.support.AbstractDirtiesContextTestExecutionListener - Before test class: context [DefaultTestContext@10ad20cb testClass = BoardLikeTests, testInstance = [null], testMethod = [null], testException = [null], mergedContextConfiguration = [WebMergedContextConfiguration@7dd712e8 testClass = BoardLikeTests, locations = '{}', classes = '{class com.example.realboard.RealBoardApplication}', contextInitializerClasses = '[]', activeProfiles = '{}', propertySourceLocations = '{}', propertySourceProperties = '{org.springframework.boot.test.context.SpringBootTestContextBootstrapper=true}', contextCustomizers = set[org.springframework.boot.test.autoconfigure.actuate.metrics.MetricsExportContextCustomizerFactory$DisableMetricExportContextCustomizer@67ab1c47, org.springframework.boot.test.autoconfigure.properties.PropertyMappingContextCustomizer@0, org.springframework.boot.test.autoconfigure.web.servlet.WebDriverContextCustomizerFactory$Customizer@60d1a32f, org.springframework.boot.test.context.filter.ExcludeFilterContextCustomizer@40c80397, org.springframework.boot.test.json.DuplicateJsonObjectContextCustomizerFactory$DuplicateJsonObjectContextCustomizer@e077866, org.springframework.boot.test.mock.mockito.MockitoContextCustomizer@0, org.springframework.boot.test.web.client.TestRestTemplateContextCustomizer@4678a2eb, org.springframework.boot.test.context.SpringBootTestArgs@1, org.springframework.boot.test.context.SpringBootTestWebEnvironment@4b2c5e02], resourceBasePath = 'src/main/webapp', contextLoader = 'org.springframework.boot.test.context.SpringBootContextLoader', parent = [null]], attributes = map['org.springframework.test.context.web.ServletTestExecutionListener.activateListener' -> true]], class annotated with @DirtiesContext [false] with mode [null].

  .   ____          _            __ _ _
 /\\ / ___'_ __ _ _(_)_ __  __ _ \ \ \ \
( ( )\___ | '_ | '_| | '_ \/ _` | \ \ \ \
 \\/  ___)| |_)| | | | | || (_| |  ) ) ) )
  '  |____| .__|_| |_|_| |_\__, | / / / /
 =========|_|==============|___/=/_/_/_/
 :: Spring Boot ::                (v2.6.6)

2022-10-20 15:21:10.000  INFO 11728 --- [    Test worker] com.example.realboard.BoardLikeTests     : Starting BoardLikeTests using Java 11.0.10 on DESKTOP-1408KAA with PID 11728 (started by tlsrh in C:\Users\tlsrh\IdeaProjects\realBoard)
2022-10-20 15:21:10.002 DEBUG 11728 --- [    Test worker] com.example.realboard.BoardLikeTests     : Running with Spring Boot v2.6.6, Spring v5.3.18
2022-10-20 15:21:10.002  INFO 11728 --- [    Test worker] com.example.realboard.BoardLikeTests     : The following 1 profile is active: "oauth"
2022-10-20 15:21:11.412  INFO 11728 --- [    Test worker] .s.d.r.c.RepositoryConfigurationDelegate : Bootstrapping Spring Data JPA repositories in DEFAULT mode.
2022-10-20 15:21:11.557  INFO 11728 --- [    Test worker] .s.d.r.c.RepositoryConfigurationDelegate : Finished Spring Data repository scanning in 132 ms. Found 5 JPA repository interfaces.
2022-10-20 15:21:12.762  INFO 11728 --- [    Test worker] o.hibernate.jpa.internal.util.LogHelper  : HHH000204: Processing PersistenceUnitInfo [name: default]
2022-10-20 15:21:12.888  INFO 11728 --- [    Test worker] org.hibernate.Version                    : HHH000412: Hibernate ORM core version 5.6.7.Final
2022-10-20 15:21:13.244  INFO 11728 --- [    Test worker] o.hibernate.annotations.common.Version   : HCANN000001: Hibernate Commons Annotations {5.1.2.Final}
2022-10-20 15:21:13.490  INFO 11728 --- [    Test worker] com.zaxxer.hikari.HikariDataSource       : HikariPool-1 - Starting...
2022-10-20 15:21:13.627  INFO 11728 --- [    Test worker] com.zaxxer.hikari.HikariDataSource       : HikariPool-1 - Start completed.
2022-10-20 15:21:13.688  INFO 11728 --- [    Test worker] org.hibernate.dialect.Dialect            : HHH000400: Using dialect: org.hibernate.dialect.MariaDB103Dialect
2022-10-20 15:21:14.975  INFO 11728 --- [    Test worker] o.h.e.t.j.p.i.JtaPlatformInitiator       : HHH000490: Using JtaPlatform implementation: [org.hibernate.engine.transaction.jta.platform.internal.NoJtaPlatform]
2022-10-20 15:21:14.987  INFO 11728 --- [    Test worker] j.LocalContainerEntityManagerFactoryBean : Initialized JPA EntityManagerFactory for persistence unit 'default'
2022-10-20 15:21:16.221  WARN 11728 --- [    Test worker] JpaBaseConfiguration$JpaWebConfiguration : spring.jpa.open-in-view is enabled by default. Therefore, database queries may be performed during view rendering. Explicitly configure spring.jpa.open-in-view to disable this warning
2022-10-20 15:21:17.876  INFO 11728 --- [    Test worker] o.s.b.a.w.s.WelcomePageHandlerMapping    : Adding welcome page: class path resource [static/index.html]
2022-10-20 15:21:18.422  INFO 11728 --- [    Test worker] com.example.realboard.BoardLikeTests     : Started BoardLikeTests in 8.971 seconds (JVM running for 11.168)
2022-10-20 15:21:18.475  INFO 11728 --- [    Test worker] o.s.t.c.transaction.TransactionContext   : Began transaction (1) for test context [DefaultTestContext@10ad20cb testClass = BoardLikeTests, testInstance = com.example.realboard.BoardLikeTests@7441edeb, testMethod = testFindBno@BoardLikeTests, testException = [null], mergedContextConfiguration = [WebMergedContextConfiguration@7dd712e8 testClass = BoardLikeTests, locations = '{}', classes = '{class com.example.realboard.RealBoardApplication}', contextInitializerClasses = '[]', activeProfiles = '{}', propertySourceLocations = '{}', propertySourceProperties = '{org.springframework.boot.test.context.SpringBootTestContextBootstrapper=true}', contextCustomizers = set[org.springframework.boot.test.autoconfigure.actuate.metrics.MetricsExportContextCustomizerFactory$DisableMetricExportContextCustomizer@67ab1c47, org.springframework.boot.test.autoconfigure.properties.PropertyMappingContextCustomizer@0, org.springframework.boot.test.autoconfigure.web.servlet.WebDriverContextCustomizerFactory$Customizer@60d1a32f, org.springframework.boot.test.context.filter.ExcludeFilterContextCustomizer@40c80397, org.springframework.boot.test.json.DuplicateJsonObjectContextCustomizerFactory$DuplicateJsonObjectContextCustomizer@e077866, org.springframework.boot.test.mock.mockito.MockitoContextCustomizer@0, org.springframework.boot.test.web.client.TestRestTemplateContextCustomizer@4678a2eb, org.springframework.boot.test.context.SpringBootTestArgs@1, org.springframework.boot.test.context.SpringBootTestWebEnvironment@4b2c5e02], resourceBasePath = 'src/main/webapp', contextLoader = 'org.springframework.boot.test.context.SpringBootContextLoader', parent = [null]], attributes = map['org.springframework.test.context.web.ServletTestExecutionListener.activateListener' -> true, 'org.springframework.test.context.web.ServletTestExecutionListener.populatedRequestContextHolder' -> true, 'org.springframework.test.context.web.ServletTestExecutionListener.resetRequestContextHolder' -> true, 'org.springframework.test.context.event.ApplicationEventsTestExecutionListener.recordApplicationEvents' -> false]]; transaction manager [org.springframework.orm.jpa.JpaTransactionManager@2d0ce8a1]; rollback [false]
Hibernate: 
    select
        boardlike0_.board_bno as col_0_0_ 
    from
        board_like boardlike0_ 
    where
        boardlike0_.member_mid=?
[]
2022-10-20 15:21:18.679  INFO 11728 --- [    Test worker] o.s.t.c.transaction.TransactionContext   : Committed transaction for test: [DefaultTestContext@10ad20cb testClass = BoardLikeTests, testInstance = com.example.realboard.BoardLikeTests@7441edeb, testMethod = testFindBno@BoardLikeTests, testException = [null], mergedContextConfiguration = [WebMergedContextConfiguration@7dd712e8 testClass = BoardLikeTests, locations = '{}', classes = '{class com.example.realboard.RealBoardApplication}', contextInitializerClasses = '[]', activeProfiles = '{}', propertySourceLocations = '{}', propertySourceProperties = '{org.springframework.boot.test.context.SpringBootTestContextBootstrapper=true}', contextCustomizers = set[org.springframework.boot.test.autoconfigure.actuate.metrics.MetricsExportContextCustomizerFactory$DisableMetricExportContextCustomizer@67ab1c47, org.springframework.boot.test.autoconfigure.properties.PropertyMappingContextCustomizer@0, org.springframework.boot.test.autoconfigure.web.servlet.WebDriverContextCustomizerFactory$Customizer@60d1a32f, org.springframework.boot.test.context.filter.ExcludeFilterContextCustomizer@40c80397, org.springframework.boot.test.json.DuplicateJsonObjectContextCustomizerFactory$DuplicateJsonObjectContextCustomizer@e077866, org.springframework.boot.test.mock.mockito.MockitoContextCustomizer@0, org.springframework.boot.test.web.client.TestRestTemplateContextCustomizer@4678a2eb, org.springframework.boot.test.context.SpringBootTestArgs@1, org.springframework.boot.test.context.SpringBootTestWebEnvironment@4b2c5e02], resourceBasePath = 'src/main/webapp', contextLoader = 'org.springframework.boot.test.context.SpringBootContextLoader', parent = [null]], attributes = map['org.springframework.test.context.web.ServletTestExecutionListener.activateListener' -> true, 'org.springframework.test.context.web.ServletTestExecutionListener.populatedRequestContextHolder' -> true, 'org.springframework.test.context.web.ServletTestExecutionListener.resetRequestContextHolder' -> true, 'org.springframework.test.context.event.ApplicationEventsTestExecutionListener.recordApplicationEvents' -> false]]
Hibernate: 
    select
        count(boardlike0_.like_num) as col_0_0_ 
    from
        board_like boardlike0_ 
    where
        boardlike0_.board_bno=? 
        and boardlike0_.member_mid=?
0
]]></system-out>
  <system-err><![CDATA[]]></system-err>
</testsuite>
